#
# There is insufficient memory for the Java Runtime Environment to continue.
# Native memory allocation (malloc) failed to allocate 774896 bytes for Chunk::new
# Possible reasons:
#   The system is out of physical RAM or swap space
#   The process is running with CompressedOops enabled, and the Java Heap may be blocking the growth of the native heap
# Possible solutions:
#   Reduce memory load on the system
#   Increase physical memory or swap space
#   Check if swap backing store is full
#   Decrease Java heap size (-Xmx/-Xms)
#   Decrease number of Java threads
#   Decrease Java thread stack sizes (-Xss)
#   Set larger code cache with -XX:ReservedCodeCacheSize=
#   JVM is running with Zero Based Compressed Oops mode in which the Java heap is
#     placed in the first 32GB address space. The Java Heap base address is the
#     maximum limit for the native heap growth. Please use -XX:HeapBaseMinAddress
#     to set the Java Heap base and to place the Java Heap above 32GB virtual address.
# This output file may be truncated or incomplete.
#
#  Out of Memory Error (arena.cpp:184), pid=4792, tid=29200
#
# JRE version: Java(TM) SE Runtime Environment (18.0.2.1+1) (build 18.0.2.1+1-1)
# Java VM: Java HotSpot(TM) 64-Bit Server VM (18.0.2.1+1-1, mixed mode, sharing, tiered, compressed oops, compressed class ptrs, g1 gc, windows-amd64)
# No core dump will be written. Minidumps are not enabled by default on client versions of Windows
#

---------------  S U M M A R Y ------------

Command Line: --add-exports=jdk.compiler/com.sun.tools.javac.api=ALL-UNNAMED --add-exports=jdk.compiler/com.sun.tools.javac.file=ALL-UNNAMED --add-exports=jdk.compiler/com.sun.tools.javac.parser=ALL-UNNAMED --add-exports=jdk.compiler/com.sun.tools.javac.tree=ALL-UNNAMED --add-exports=jdk.compiler/com.sun.tools.javac.util=ALL-UNNAMED --add-opens=java.base/java.util=ALL-UNNAMED --add-opens=java.base/java.lang=ALL-UNNAMED --add-opens=java.base/java.lang.invoke=ALL-UNNAMED --add-opens=java.prefs/java.util.prefs=ALL-UNNAMED --add-opens=java.base/java.nio.charset=ALL-UNNAMED --add-opens=java.base/java.net=ALL-UNNAMED --add-opens=java.base/java.util.concurrent.atomic=ALL-UNNAMED -Dfile.encoding=UTF-8 -Duser.country=US -Duser.language=en -Duser.variant -javaagent:C:\Users\chocofacenine\.gradle\wrapper\dists\gradle-8.2.1-bin\5hap6b9n41hkg4jeh2au2pllh\gradle-8.2.1\lib\agents\gradle-instrumentation-agent-8.2.1.jar org.gradle.launcher.daemon.bootstrap.GradleDaemon 8.2.1

Host: Intel(R) Core(TM) i7-9750H CPU @ 2.60GHz, 12 cores, 15G,  Windows 10 , 64 bit Build 19041 (10.0.19041.3570)
Time: Wed Nov 29 21:21:49 2023 Eastern Standard Time elapsed time: 10261.844592 seconds (0d 2h 51m 1s)

---------------  T H R E A D  ---------------

Current thread (0x000002476f917260):  JavaThread "C2 CompilerThread1" daemon [_thread_in_native, id=29200, stack(0x00000065abf00000,0x00000065ac000000)]


Current CompileTask:
C2:10261844 27950 %     4       com.google.googlejavaformat.OpsBuilder::build @ 830 (1076 bytes)

Stack: [0x00000065abf00000,0x00000065ac000000]
Native frames: (J=compiled Java code, j=interpreted, Vv=VM code, C=native code)
V  [jvm.dll+0x6993aa]
V  [jvm.dll+0x7f46dd]
V  [jvm.dll+0x7f5fee]
V  [jvm.dll+0x7f66a3]
V  [jvm.dll+0x25cf1f]
V  [jvm.dll+0xb8c2f]
V  [jvm.dll+0xb8fa5]
V  [jvm.dll+0x386091]
V  [jvm.dll+0x1d2d58]
V  [jvm.dll+0x230259]
V  [jvm.dll+0x22f4d1]
V  [jvm.dll+0x1ba01c]
V  [jvm.dll+0x23ee0a]
V  [jvm.dll+0x23d0f5]
V  [jvm.dll+0x7a6dd1]
V  [jvm.dll+0x7a120a]
V  [jvm.dll+0x698255]
C  [ucrtbase.dll+0x21bb2]
C  [KERNEL32.DLL+0x17344]
C  [ntdll.dll+0x526b1]


---------------  P R O C E S S  ---------------

Threads class SMR info:
_java_thread_list=0x000002476e1d2770, length=75, elements={
0x000002474309a730, 0x0000024768080250, 0x0000024768080dc0, 0x00000247680974f0,
0x000002476809adc0, 0x000002476809b670, 0x000002476809bf20, 0x000002476809eb10,
0x00000247680a1810, 0x00000247680ae130, 0x000002476806ba40, 0x000002476c528800,
0x000002476dd016d0, 0x000002476cfef4f0, 0x000002476d96d470, 0x000002476d61f570,
0x000002476d621250, 0x000002476d61e700, 0x000002476d61ff10, 0x000002476d61dd60,
0x000002476e5bb150, 0x000002476e5b7790, 0x000002476e5b8600, 0x000002476e5b9e10,
0x000002476e5b9940, 0x000002476e5b72c0, 0x000002476e5b7c60, 0x000002476e5bb620,
0x000002476e5ba2e0, 0x0000024770f64f30, 0x0000024770f64590, 0x0000024770f68dc0,
0x0000024770f66c10, 0x0000024770f65400, 0x0000024770f640c0, 0x0000024770f66270,
0x0000024771643b70, 0x0000024771644040, 0x000002476f917260, 0x0000024771646b90,
0x000002476e335480, 0x000002476e332e00, 0x000002476e3332d0, 0x000002476e3337a0,
0x0000024771645850, 0x0000024771644510, 0x00000247716466c0, 0x0000024771641020,
0x0000024771645380, 0x0000024771647060, 0x00000247716431d0, 0x00000247716414f0,
0x0000024771647530, 0x0000024771640680, 0x0000024771642830, 0x00000247716419c0,
0x00000247716436a0, 0x0000024771645d20, 0x00000247716401b0, 0x00000247716461f0,
0x0000024772244240, 0x0000024772241bc0, 0x0000024772240880, 0x00000247722416f0,
0x0000024772242a30, 0x00000247722438a0, 0x00000247722433d0, 0x0000024772240d50,
0x0000024772241220, 0x0000024772242090, 0x0000024772242f00, 0x0000024770f67a80,
0x0000024770f623e0, 0x0000024770f675b0, 0x000002476f916330
}

Java Threads: ( => current thread )
  0x000002474309a730 JavaThread "main" [_thread_blocked, id=24784, stack(0x00000065a7f00000,0x00000065a8000000)]
  0x0000024768080250 JavaThread "Reference Handler" daemon [_thread_blocked, id=22508, stack(0x00000065a8600000,0x00000065a8700000)]
  0x0000024768080dc0 JavaThread "Finalizer" daemon [_thread_blocked, id=19600, stack(0x00000065a8700000,0x00000065a8800000)]
  0x00000247680974f0 JavaThread "Signal Dispatcher" daemon [_thread_blocked, id=25308, stack(0x00000065a8800000,0x00000065a8900000)]
  0x000002476809adc0 JavaThread "Attach Listener" daemon [_thread_blocked, id=2944, stack(0x00000065a8900000,0x00000065a8a00000)]
  0x000002476809b670 JavaThread "Service Thread" daemon [_thread_blocked, id=25268, stack(0x00000065a8a00000,0x00000065a8b00000)]
  0x000002476809bf20 JavaThread "Monitor Deflation Thread" daemon [_thread_blocked, id=23656, stack(0x00000065a8b00000,0x00000065a8c00000)]
  0x000002476809eb10 JavaThread "C2 CompilerThread0" daemon [_thread_in_native, id=15652, stack(0x00000065a8c00000,0x00000065a8d00000)]
  0x00000247680a1810 JavaThread "C1 CompilerThread0" daemon [_thread_blocked, id=17544, stack(0x00000065a8d00000,0x00000065a8e00000)]
  0x00000247680ae130 JavaThread "Sweeper thread" daemon [_thread_blocked, id=25836, stack(0x00000065a8e00000,0x00000065a8f00000)]
  0x000002476806ba40 JavaThread "Common-Cleaner" daemon [_thread_blocked, id=21684, stack(0x00000065a8f00000,0x00000065a9000000)]
  0x000002476c528800 JavaThread "Notification Thread" daemon [_thread_blocked, id=25300, stack(0x00000065a9000000,0x00000065a9100000)]
  0x000002476dd016d0 JavaThread "Daemon health stats" [_thread_blocked, id=12692, stack(0x00000065a9900000,0x00000065a9a00000)]
  0x000002476cfef4f0 JavaThread "Incoming local TCP Connector on port 57705" [_thread_in_native, id=18852, stack(0x00000065a9a00000,0x00000065a9b00000)]
  0x000002476d96d470 JavaThread "Daemon periodic checks" [_thread_blocked, id=5312, stack(0x00000065a9b00000,0x00000065a9c00000)]
  0x000002476d61f570 JavaThread "Cache worker for journal cache (C:\Users\chocofacenine\.gradle\caches\journal-1)" [_thread_blocked, id=27876, stack(0x00000065a9300000,0x00000065a9400000)]
  0x000002476d621250 JavaThread "File lock request listener" [_thread_in_native, id=13728, stack(0x00000065aa300000,0x00000065aa400000)]
  0x000002476d61e700 JavaThread "Cache worker for file hash cache (C:\Users\chocofacenine\.gradle\caches\8.2.1\fileHashes)" [_thread_blocked, id=12280, stack(0x00000065aa400000,0x00000065aa500000)]
  0x000002476d61ff10 JavaThread "File watcher server" daemon [_thread_in_native, id=29256, stack(0x00000065aa600000,0x00000065aa700000)]
  0x000002476d61dd60 JavaThread "File watcher consumer" daemon [_thread_blocked, id=19740, stack(0x00000065aa700000,0x00000065aa800000)]
  0x000002476e5bb150 JavaThread "Cache worker for file content cache (C:\Users\chocofacenine\.gradle\caches\8.2.1\fileContent)" [_thread_blocked, id=2888, stack(0x00000065ab000000,0x00000065ab100000)]
  0x000002476e5b7790 JavaThread "Cache worker for execution history cache (C:\Users\chocofacenine\.gradle\caches\8.2.1\executionHistory)" [_thread_blocked, id=8060, stack(0x00000065ab300000,0x00000065ab400000)]
  0x000002476e5b8600 JavaThread "jar transforms" [_thread_blocked, id=23112, stack(0x00000065ab400000,0x00000065ab500000)]
  0x000002476e5b9e10 JavaThread "jar transforms Thread 2" [_thread_blocked, id=5896, stack(0x00000065ab500000,0x00000065ab600000)]
  0x000002476e5b9940 JavaThread "jar transforms Thread 3" [_thread_blocked, id=5108, stack(0x00000065ab700000,0x00000065ab800000)]
  0x000002476e5b72c0 JavaThread "jar transforms Thread 4" [_thread_blocked, id=8576, stack(0x00000065ab900000,0x00000065aba00000)]
  0x000002476e5b7c60 JavaThread "jar transforms Thread 5" [_thread_blocked, id=20960, stack(0x00000065aba00000,0x00000065abb00000)]
  0x000002476e5bb620 JavaThread "Memory manager" [_thread_blocked, id=27928, stack(0x00000065abc00000,0x00000065abd00000)]
  0x000002476e5ba2e0 JavaThread "jar transforms Thread 6" [_thread_blocked, id=2992, stack(0x00000065abe00000,0x00000065abf00000)]
  0x0000024770f64f30 JavaThread "Cache worker for Java compile cache (C:\Users\chocofacenine\.gradle\caches\8.2.1\javaCompile)" [_thread_blocked, id=20880, stack(0x00000065acf00000,0x00000065ad000000)]
  0x0000024770f64590 JavaThread "jar transforms Thread 7" [_thread_blocked, id=17184, stack(0x00000065ab100000,0x00000065ab200000)]
  0x0000024770f68dc0 JavaThread "jar transforms Thread 8" [_thread_blocked, id=17188, stack(0x00000065ab200000,0x00000065ab300000)]
  0x0000024770f66c10 JavaThread "jar transforms Thread 9" [_thread_blocked, id=22608, stack(0x00000065abb00000,0x00000065abc00000)]
  0x0000024770f65400 JavaThread "jar transforms Thread 10" [_thread_blocked, id=16224, stack(0x00000065abd00000,0x00000065abe00000)]
  0x0000024770f640c0 JavaThread "jar transforms Thread 11" [_thread_blocked, id=1176, stack(0x00000065ab600000,0x00000065ab700000)]
  0x0000024770f66270 JavaThread "jar transforms Thread 12" [_thread_blocked, id=17820, stack(0x00000065ab800000,0x00000065ab900000)]
  0x0000024771643b70 JavaThread "Daemon Thread 27" [_thread_blocked, id=3260, stack(0x00000065a7c00000,0x00000065a7d00000)]
  0x0000024771644040 JavaThread "Daemon worker Thread 27" [_thread_in_Java, id=28352, stack(0x00000065a9200000,0x00000065a9300000)]
=>0x000002476f917260 JavaThread "C2 CompilerThread1" daemon [_thread_in_native, id=29200, stack(0x00000065abf00000,0x00000065ac000000)]
  0x0000024771646b90 JavaThread "included builds" [_thread_blocked, id=17460, stack(0x00000065ac400000,0x00000065ac500000)]
  0x000002476e335480 JavaThread "Handler for socket connection from /127.0.0.1:57705 to /127.0.0.1:59067" [_thread_in_native, id=23896, stack(0x00000065a7d00000,0x00000065a7e00000)]
  0x000002476e332e00 JavaThread "Cancel handler" [_thread_blocked, id=912, stack(0x00000065a7e00000,0x00000065a7f00000)]
  0x000002476e3332d0 JavaThread "Asynchronous log dispatcher for DefaultDaemonConnection: socket connection from /127.0.0.1:57705 to /127.0.0.1:59067" [_thread_blocked, id=11808, stack(0x00000065a9c00000,0x00000065a9d00000)]
  0x000002476e3337a0 JavaThread "Stdin handler" [_thread_blocked, id=28060, stack(0x00000065a9d00000,0x00000065a9e00000)]
  0x0000024771645850 JavaThread "Daemon client event forwarder" [_thread_blocked, id=14708, stack(0x00000065a9e00000,0x00000065a9f00000)]
  0x0000024771644510 JavaThread "Cache worker for checksums cache (C:\Users\chocofacenine\Desktop\2023\CS-4321\db-practicum-repo\.gradle\8.2.1\checksums)" [_thread_blocked, id=13164, stack(0x00000065a9f00000,0x00000065aa000000)]
  0x00000247716466c0 JavaThread "Cache worker for cache directory md-rule (C:\Users\chocofacenine\.gradle\caches\8.2.1\md-rule)" [_thread_blocked, id=23140, stack(0x00000065aa000000,0x00000065aa100000)]
  0x0000024771641020 JavaThread "Cache worker for file hash cache (C:\Users\chocofacenine\Desktop\2023\CS-4321\db-practicum-repo\.gradle\8.2.1\fileHashes)" [_thread_blocked, id=11964, stack(0x00000065aa100000,0x00000065aa200000)]
  0x0000024771645380 JavaThread "Cache worker for cache directory md-supplier (C:\Users\chocofacenine\.gradle\caches\8.2.1\md-supplier)" [_thread_blocked, id=4876, stack(0x00000065aa200000,0x00000065aa300000)]
  0x0000024771647060 JavaThread "Cache worker for dependencies-accessors (C:\Users\chocofacenine\Desktop\2023\CS-4321\db-practicum-repo\.gradle\8.2.1\dependencies-accessors)" [_thread_blocked, id=21708, stack(0x00000065aa500000,0x00000065aa600000)]
  0x00000247716431d0 JavaThread "Cache worker for Build Output Cleanup Cache (C:\Users\chocofacenine\Desktop\2023\CS-4321\db-practicum-repo\.gradle\buildOutputCleanup)" [_thread_blocked, id=17528, stack(0x00000065aa800000,0x00000065aa900000)]
  0x00000247716414f0 JavaThread "Unconstrained build operations" [_thread_blocked, id=8532, stack(0x00000065aaf00000,0x00000065ab000000)]
  0x0000024771647530 JavaThread "included builds" [_thread_blocked, id=24896, stack(0x00000065ac000000,0x00000065ac100000)]
  0x0000024771640680 JavaThread "Execution worker" [_thread_blocked, id=24116, stack(0x00000065ac100000,0x00000065ac200000)]
  0x0000024771642830 JavaThread "Execution worker Thread 2" [_thread_blocked, id=12116, stack(0x00000065ac200000,0x00000065ac300000)]
  0x00000247716419c0 JavaThread "Execution worker Thread 3" [_thread_blocked, id=9636, stack(0x00000065ac300000,0x00000065ac400000)]
  0x00000247716436a0 JavaThread "Execution worker Thread 4" [_thread_blocked, id=18276, stack(0x00000065ac500000,0x00000065ac600000)]
  0x0000024771645d20 JavaThread "Execution worker Thread 5" [_thread_blocked, id=12168, stack(0x00000065ac600000,0x00000065ac700000)]
  0x00000247716401b0 JavaThread "Execution worker Thread 6" [_thread_blocked, id=8416, stack(0x00000065ac700000,0x00000065ac800000)]
  0x00000247716461f0 JavaThread "Execution worker Thread 7" [_thread_blocked, id=19248, stack(0x00000065ac800000,0x00000065ac900000)]
  0x0000024772244240 JavaThread "Execution worker Thread 8" [_thread_blocked, id=17056, stack(0x00000065ac900000,0x00000065aca00000)]
  0x0000024772241bc0 JavaThread "Execution worker Thread 9" [_thread_blocked, id=22316, stack(0x00000065aca00000,0x00000065acb00000)]
  0x0000024772240880 JavaThread "Execution worker Thread 10" [_thread_blocked, id=24420, stack(0x00000065acb00000,0x00000065acc00000)]
  0x00000247722416f0 JavaThread "Execution worker Thread 11" [_thread_blocked, id=21144, stack(0x00000065acc00000,0x00000065acd00000)]
  0x0000024772242a30 JavaThread "Cache worker for execution history cache (C:\Users\chocofacenine\Desktop\2023\CS-4321\db-practicum-repo\.gradle\8.2.1\executionHistory)" [_thread_blocked, id=21968, stack(0x00000065acd00000,0x00000065ace00000)]
  0x00000247722438a0 JavaThread "Unconstrained build operations Thread 2" [_thread_blocked, id=18876, stack(0x00000065ace00000,0x00000065acf00000)]
  0x00000247722433d0 JavaThread "Unconstrained build operations Thread 3" [_thread_blocked, id=16844, stack(0x00000065ad000000,0x00000065ad100000)]
  0x0000024772240d50 JavaThread "Unconstrained build operations Thread 4" [_thread_blocked, id=548, stack(0x00000065ad200000,0x00000065ad300000)]
  0x0000024772241220 JavaThread "Unconstrained build operations Thread 5" [_thread_blocked, id=29652, stack(0x00000065ad300000,0x00000065ad400000)]
  0x0000024772242090 JavaThread "Unconstrained build operations Thread 6" [_thread_blocked, id=6504, stack(0x00000065ad400000,0x00000065ad500000)]
  0x0000024772242f00 JavaThread "Unconstrained build operations Thread 7" [_thread_blocked, id=1948, stack(0x00000065ad500000,0x00000065ad600000)]
  0x0000024770f67a80 JavaThread "Unconstrained build operations Thread 8" [_thread_blocked, id=2968, stack(0x00000065ad600000,0x00000065ad700000)]
  0x0000024770f623e0 JavaThread "Unconstrained build operations Thread 9" [_thread_blocked, id=27020, stack(0x00000065ad700000,0x00000065ad800000)]
  0x0000024770f675b0 JavaThread "pool-2-thread-1" [_thread_blocked, id=20068, stack(0x00000065ad800000,0x00000065ad900000)]
  0x000002476f916330 JavaThread "C2 CompilerThread2" daemon [_thread_in_native, id=11880, stack(0x00000065ad900000,0x00000065ada00000)]

Other Threads:
  0x0000024743123010 VMThread "VM Thread" [stack: 0x00000065a8500000,0x00000065a8600000] [id=20176]
  0x000002476c5280c0 WatcherThread "VM Periodic Task Thread" [stack: 0x00000065a9100000,0x00000065a9200000] [id=19868]
  0x000002474310a2b0 WorkerThread "GC Thread#0" [stack: 0x00000065a8000000,0x00000065a8100000] [id=10248]
  0x000002476d07a470 WorkerThread "GC Thread#1" [stack: 0x00000065a9400000,0x00000065a9500000] [id=20004]
  0x000002476d07a710 WorkerThread "GC Thread#2" [stack: 0x00000065a9500000,0x00000065a9600000] [id=27096]
  0x000002476d07a9b0 WorkerThread "GC Thread#3" [stack: 0x00000065a9600000,0x00000065a9700000] [id=20112]
  0x000002476d07ac50 WorkerThread "GC Thread#4" [stack: 0x00000065a9700000,0x00000065a9800000] [id=4272]
  0x000002476d07aef0 WorkerThread "GC Thread#5" [stack: 0x00000065a9800000,0x00000065a9900000] [id=7080]
  0x000002476e23ea50 WorkerThread "GC Thread#6" [stack: 0x00000065aa900000,0x00000065aaa00000] [id=2152]
  0x000002476ef45870 WorkerThread "GC Thread#7" [stack: 0x00000065aaa00000,0x00000065aab00000] [id=8448]
  0x000002476e23b350 WorkerThread "GC Thread#8" [stack: 0x00000065aab00000,0x00000065aac00000] [id=26464]
  0x000002476e077d10 WorkerThread "GC Thread#9" [stack: 0x00000065aac00000,0x00000065aad00000] [id=6416]
  0x000002474311acc0 ConcurrentGCThread "G1 Main Marker" [stack: 0x00000065a8100000,0x00000065a8200000] [id=10112]
  0x000002474311b5c0 WorkerThread "G1 Conc#0" [stack: 0x00000065a8200000,0x00000065a8300000] [id=15392]
  0x0000024770c13080 WorkerThread "G1 Conc#1" [stack: 0x00000065aad00000,0x00000065aae00000] [id=23988]
  0x0000024770c142e0 WorkerThread "G1 Conc#2" [stack: 0x00000065aae00000,0x00000065aaf00000] [id=12680]
  0x000002474315e760 ConcurrentGCThread "G1 Refine#0" [stack: 0x00000065a8300000,0x00000065a8400000] [id=1892]
  0x000002476e72a7e0 ConcurrentGCThread "G1 Refine#1" [stack: 0x00000065ad100000,0x00000065ad200000] [id=10736]
  0x000002476ea668c0 ConcurrentGCThread "G1 Refine#2" [stack: 0x00000065ae300000,0x00000065ae400000] [id=19952]
  0x000002476ea684e0 ConcurrentGCThread "G1 Refine#3" [stack: 0x00000065ae400000,0x00000065ae500000] [id=25640]
  0x0000024767f3b140 ConcurrentGCThread "G1 Service" [stack: 0x00000065a8400000,0x00000065a8500000] [id=6660]

Threads with active compile tasks:
C2 CompilerThread0  10261913 28044       4       java.util.EnumSet::copyOf (84 bytes)
C1 CompilerThread0  10261913 28071       3       java.net.URLEncoder::encode (338 bytes)
C2 CompilerThread1  10261913 27950 %     4       com.google.googlejavaformat.OpsBuilder::build @ 830 (1076 bytes)
C2 CompilerThread2  10261913 28067       4       com.google.googlejavaformat.Doc$Level::getWidth (40 bytes)

VM state: not at safepoint (normal execution)

VM Mutex/Monitor currently owned by a thread: None

Heap address: 0x0000000704200000, size: 4030 MB, Compressed Oops mode: Zero based, Oop shift amount: 3

CDS archive(s) mapped at: [0x0000000800000000-0x0000000800ba0000-0x0000000800ba0000), size 12189696, SharedBaseAddress: 0x0000000800000000, ArchiveRelocationMode: 0.
Compressed class space mapped at: 0x0000000800c00000-0x0000000840c00000, reserved size: 1073741824
Narrow klass base: 0x0000000800000000, Narrow klass shift: 0, Narrow klass range: 0x100000000

GC Precious Log:
 CardTable entry size: 512
 Card Set container configuration: InlinePtr #cards 4 size 8 Array Of Cards #cards 16 size 48 Howl #buckets 8 coarsen threshold 3686 Howl Bitmap #cards 512 size 80 coarsen threshold 460 Card regions per heap region 1 cards per card region 4096
 CPUs: 12 total, 12 available
 Memory: 16117M
 Large Page Support: Disabled
 NUMA Support: Disabled
 Compressed Oops: Enabled (Zero based)
 Heap Region Size: 2M
 Heap Min Capacity: 8M
 Heap Initial Capacity: 252M
 Heap Max Capacity: 4030M
 Pre-touch: Disabled
 Parallel Workers: 10
 Concurrent Workers: 3
 Concurrent Refinement Workers: 10
 Periodic GC: Disabled

Heap:
 garbage-first heap   total 280576K, used 124485K [0x0000000704200000, 0x0000000800000000)
  region size 2048K, 27 young (55296K), 1 survivors (2048K)
 Metaspace       used 86399K, committed 87680K, reserved 1179648K
  class space    used 10790K, committed 11392K, reserved 1048576K

Heap Regions: E=young(eden), S=young(survivor), O=old, HS=humongous(starts), HC=humongous(continues), CS=collection set, F=free, OA=open archive, CA=closed archive, TAMS=top-at-mark-start (previous, next)
|   0|0x0000000704200000, 0x0000000704400000, 0x0000000704400000|100%|HS|  |TAMS 0x0000000704400000, 0x0000000704200000| Complete 
|   1|0x0000000704400000, 0x0000000704600000, 0x0000000704600000|100%|HC|  |TAMS 0x0000000704600000, 0x0000000704400000| Complete 
|   2|0x0000000704600000, 0x0000000704800000, 0x0000000704800000|100%| O|  |TAMS 0x0000000704800000, 0x0000000704600000| Untracked 
|   3|0x0000000704800000, 0x0000000704a00000, 0x0000000704a00000|100%| O|  |TAMS 0x0000000704a00000, 0x0000000704800000| Untracked 
|   4|0x0000000704a00000, 0x0000000704c00000, 0x0000000704c00000|100%| O|  |TAMS 0x0000000704c00000, 0x0000000704a00000| Untracked 
|   5|0x0000000704c00000, 0x0000000704e00000, 0x0000000704e00000|100%| O|  |TAMS 0x0000000704e00000, 0x0000000704c00000| Untracked 
|   6|0x0000000704e00000, 0x0000000705000000, 0x0000000705000000|100%| O|  |TAMS 0x0000000705000000, 0x0000000704e00000| Untracked 
|   7|0x0000000705000000, 0x0000000705200000, 0x0000000705200000|100%| O|  |TAMS 0x0000000705200000, 0x0000000705000000| Untracked 
|   8|0x0000000705200000, 0x0000000705400000, 0x0000000705400000|100%| O|  |TAMS 0x0000000705400000, 0x0000000705200000| Untracked 
|   9|0x0000000705400000, 0x0000000705600000, 0x0000000705600000|100%| O|  |TAMS 0x0000000705600000, 0x0000000705400000| Untracked 
|  10|0x0000000705600000, 0x0000000705800000, 0x0000000705800000|100%| O|  |TAMS 0x0000000705800000, 0x0000000705600000| Untracked 
|  11|0x0000000705800000, 0x0000000705a00000, 0x0000000705a00000|100%| O|  |TAMS 0x0000000705a00000, 0x0000000705800000| Untracked 
|  12|0x0000000705a00000, 0x0000000705c00000, 0x0000000705c00000|100%| O|  |TAMS 0x0000000705c00000, 0x0000000705a00000| Untracked 
|  13|0x0000000705c00000, 0x0000000705e00000, 0x0000000705e00000|100%| O|  |TAMS 0x0000000705e00000, 0x0000000705c00000| Untracked 
|  14|0x0000000705e00000, 0x0000000706000000, 0x0000000706000000|100%| O|  |TAMS 0x0000000706000000, 0x0000000705e00000| Untracked 
|  15|0x0000000706000000, 0x0000000706200000, 0x0000000706200000|100%| O|  |TAMS 0x0000000706200000, 0x0000000706000000| Untracked 
|  16|0x0000000706200000, 0x0000000706400000, 0x0000000706400000|100%| O|  |TAMS 0x0000000706400000, 0x0000000706200000| Untracked 
|  17|0x0000000706400000, 0x0000000706600000, 0x0000000706600000|100%| O|  |TAMS 0x0000000706600000, 0x0000000706400000| Untracked 
|  18|0x0000000706600000, 0x0000000706800000, 0x0000000706800000|100%| O|  |TAMS 0x0000000706800000, 0x0000000706600000| Untracked 
|  19|0x0000000706800000, 0x0000000706a00000, 0x0000000706a00000|100%| O|  |TAMS 0x0000000706a00000, 0x0000000706800000| Untracked 
|  20|0x0000000706a00000, 0x0000000706c00000, 0x0000000706c00000|100%| O|  |TAMS 0x0000000706c00000, 0x0000000706a00000| Untracked 
|  21|0x0000000706c00000, 0x0000000706e00000, 0x0000000706e00000|100%| O|  |TAMS 0x0000000706e00000, 0x0000000706c00000| Untracked 
|  22|0x0000000706e00000, 0x0000000707000000, 0x0000000707000000|100%| O|  |TAMS 0x0000000707000000, 0x0000000706e00000| Untracked 
|  23|0x0000000707000000, 0x0000000707200000, 0x0000000707200000|100%| O|  |TAMS 0x0000000707200000, 0x0000000707000000| Untracked 
|  24|0x0000000707200000, 0x0000000707400000, 0x0000000707400000|100%| O|  |TAMS 0x0000000707400000, 0x0000000707200000| Untracked 
|  25|0x0000000707400000, 0x0000000707600000, 0x0000000707600000|100%| O|  |TAMS 0x0000000707600000, 0x0000000707400000| Complete 
|  26|0x0000000707600000, 0x0000000707800000, 0x0000000707800000|100%| O|  |TAMS 0x0000000707800000, 0x0000000707600000| Untracked 
|  27|0x0000000707800000, 0x0000000707a00000, 0x0000000707a00000|100%| O|  |TAMS 0x0000000707a00000, 0x0000000707800000| Untracked 
|  28|0x0000000707a00000, 0x0000000707c00000, 0x0000000707c00000|100%| O|  |TAMS 0x0000000707c00000, 0x0000000707a00000| Untracked 
|  29|0x0000000707c00000, 0x0000000707c00000, 0x0000000707e00000|  0%| F|  |TAMS 0x0000000707c00000, 0x0000000707c00000| Untracked 
|  30|0x0000000707e00000, 0x0000000707f57000, 0x0000000708000000| 66%| O|  |TAMS 0x0000000707f57000, 0x0000000707e00000| Untracked 
|  31|0x0000000708000000, 0x0000000708000000, 0x0000000708200000|  0%| F|  |TAMS 0x0000000708000000, 0x0000000708000000| Untracked 
|  32|0x0000000708200000, 0x0000000708200000, 0x0000000708400000|  0%| F|  |TAMS 0x0000000708200000, 0x0000000708200000| Untracked 
|  33|0x0000000708400000, 0x0000000708600000, 0x0000000708600000|100%| O|  |TAMS 0x0000000708600000, 0x0000000708400000| Untracked 
|  34|0x0000000708600000, 0x0000000708800000, 0x0000000708800000|100%| O|  |TAMS 0x0000000708800000, 0x0000000708600000| Untracked 
|  35|0x0000000708800000, 0x0000000708800000, 0x0000000708a00000|  0%| F|  |TAMS 0x0000000708800000, 0x0000000708800000| Untracked 
|  36|0x0000000708a00000, 0x0000000708a00000, 0x0000000708c00000|  0%| F|  |TAMS 0x0000000708a00000, 0x0000000708a00000| Untracked 
|  37|0x0000000708c00000, 0x0000000708e00000, 0x0000000708e00000|100%| O|  |TAMS 0x0000000708e00000, 0x0000000708c00000| Untracked 
|  38|0x0000000708e00000, 0x0000000709000000, 0x0000000709000000|100%| O|  |TAMS 0x0000000709000000, 0x0000000708e00000| Untracked 
|  39|0x0000000709000000, 0x0000000709000000, 0x0000000709200000|  0%| F|  |TAMS 0x0000000709000000, 0x0000000709000000| Untracked 
|  40|0x0000000709200000, 0x0000000709200000, 0x0000000709400000|  0%| F|  |TAMS 0x0000000709200000, 0x0000000709200000| Untracked 
|  41|0x0000000709400000, 0x0000000709600000, 0x0000000709600000|100%| O|  |TAMS 0x0000000709600000, 0x0000000709400000| Complete 
|  42|0x0000000709600000, 0x0000000709800000, 0x0000000709800000|100%| O|  |TAMS 0x0000000709800000, 0x0000000709600000| Untracked 
|  43|0x0000000709800000, 0x0000000709800000, 0x0000000709a00000|  0%| F|  |TAMS 0x0000000709800000, 0x0000000709800000| Untracked 
|  44|0x0000000709a00000, 0x0000000709a00000, 0x0000000709c00000|  0%| F|  |TAMS 0x0000000709a00000, 0x0000000709a00000| Untracked 
|  45|0x0000000709c00000, 0x0000000709c00000, 0x0000000709e00000|  0%| F|  |TAMS 0x0000000709c00000, 0x0000000709c00000| Untracked 
|  46|0x0000000709e00000, 0x0000000709e00000, 0x000000070a000000|  0%| F|  |TAMS 0x0000000709e00000, 0x0000000709e00000| Untracked 
|  47|0x000000070a000000, 0x000000070a000000, 0x000000070a200000|  0%| F|  |TAMS 0x000000070a000000, 0x000000070a000000| Untracked 
|  48|0x000000070a200000, 0x000000070a200000, 0x000000070a400000|  0%| F|  |TAMS 0x000000070a200000, 0x000000070a200000| Untracked 
|  49|0x000000070a400000, 0x000000070a400000, 0x000000070a600000|  0%| F|  |TAMS 0x000000070a400000, 0x000000070a400000| Untracked 
|  50|0x000000070a600000, 0x000000070a600000, 0x000000070a800000|  0%| F|  |TAMS 0x000000070a600000, 0x000000070a600000| Untracked 
|  51|0x000000070a800000, 0x000000070a800000, 0x000000070aa00000|  0%| F|  |TAMS 0x000000070a800000, 0x000000070a800000| Untracked 
|  52|0x000000070aa00000, 0x000000070aa00000, 0x000000070ac00000|  0%| F|  |TAMS 0x000000070aa00000, 0x000000070aa00000| Untracked 
|  53|0x000000070ac00000, 0x000000070ac00000, 0x000000070ae00000|  0%| F|  |TAMS 0x000000070ac00000, 0x000000070ac00000| Untracked 
|  54|0x000000070ae00000, 0x000000070ae00000, 0x000000070b000000|  0%| F|  |TAMS 0x000000070ae00000, 0x000000070ae00000| Untracked 
|  55|0x000000070b000000, 0x000000070b000000, 0x000000070b200000|  0%| F|  |TAMS 0x000000070b000000, 0x000000070b000000| Untracked 
|  56|0x000000070b200000, 0x000000070b200000, 0x000000070b400000|  0%| F|  |TAMS 0x000000070b200000, 0x000000070b200000| Untracked 
|  57|0x000000070b400000, 0x000000070b400000, 0x000000070b600000|  0%| F|  |TAMS 0x000000070b400000, 0x000000070b400000| Untracked 
|  58|0x000000070b600000, 0x000000070b600000, 0x000000070b800000|  0%| F|  |TAMS 0x000000070b600000, 0x000000070b600000| Untracked 
|  59|0x000000070b800000, 0x000000070b800000, 0x000000070ba00000|  0%| F|  |TAMS 0x000000070b800000, 0x000000070b800000| Untracked 
|  60|0x000000070ba00000, 0x000000070ba00000, 0x000000070bc00000|  0%| F|  |TAMS 0x000000070ba00000, 0x000000070ba00000| Untracked 
|  61|0x000000070bc00000, 0x000000070bc00000, 0x000000070be00000|  0%| F|  |TAMS 0x000000070bc00000, 0x000000070bc00000| Untracked 
|  62|0x000000070be00000, 0x000000070be00000, 0x000000070c000000|  0%| F|  |TAMS 0x000000070be00000, 0x000000070be00000| Untracked 
|  63|0x000000070c000000, 0x000000070c000000, 0x000000070c200000|  0%| F|  |TAMS 0x000000070c000000, 0x000000070c000000| Untracked 
|  64|0x000000070c200000, 0x000000070c23a480, 0x000000070c400000| 11%| S|CS|TAMS 0x000000070c200000, 0x000000070c200000| Complete 
|  65|0x000000070c400000, 0x000000070c400000, 0x000000070c600000|  0%| F|  |TAMS 0x000000070c400000, 0x000000070c400000| Untracked 
|  66|0x000000070c600000, 0x000000070c600000, 0x000000070c800000|  0%| F|  |TAMS 0x000000070c600000, 0x000000070c600000| Untracked 
|  67|0x000000070c800000, 0x000000070c800000, 0x000000070ca00000|  0%| F|  |TAMS 0x000000070c800000, 0x000000070c800000| Untracked 
|  68|0x000000070ca00000, 0x000000070ca00000, 0x000000070cc00000|  0%| F|  |TAMS 0x000000070ca00000, 0x000000070ca00000| Untracked 
|  69|0x000000070cc00000, 0x000000070cc00000, 0x000000070ce00000|  0%| F|  |TAMS 0x000000070cc00000, 0x000000070cc00000| Untracked 
|  70|0x000000070ce00000, 0x000000070ce00000, 0x000000070d000000|  0%| F|  |TAMS 0x000000070ce00000, 0x000000070ce00000| Untracked 
|  71|0x000000070d000000, 0x000000070d000000, 0x000000070d200000|  0%| F|  |TAMS 0x000000070d000000, 0x000000070d000000| Untracked 
|  72|0x000000070d200000, 0x000000070d200000, 0x000000070d400000|  0%| F|  |TAMS 0x000000070d200000, 0x000000070d200000| Untracked 
|  73|0x000000070d400000, 0x000000070d400000, 0x000000070d600000|  0%| F|  |TAMS 0x000000070d400000, 0x000000070d400000| Untracked 
|  74|0x000000070d600000, 0x000000070d600000, 0x000000070d800000|  0%| F|  |TAMS 0x000000070d600000, 0x000000070d600000| Untracked 
|  75|0x000000070d800000, 0x000000070d800000, 0x000000070da00000|  0%| F|  |TAMS 0x000000070d800000, 0x000000070d800000| Untracked 
|  76|0x000000070da00000, 0x000000070da00000, 0x000000070dc00000|  0%| F|  |TAMS 0x000000070da00000, 0x000000070da00000| Untracked 
|  77|0x000000070dc00000, 0x000000070dc00000, 0x000000070de00000|  0%| F|  |TAMS 0x000000070dc00000, 0x000000070dc00000| Untracked 
|  78|0x000000070de00000, 0x000000070de00000, 0x000000070e000000|  0%| F|  |TAMS 0x000000070de00000, 0x000000070de00000| Untracked 
|  79|0x000000070e000000, 0x000000070e000000, 0x000000070e200000|  0%| F|  |TAMS 0x000000070e000000, 0x000000070e000000| Untracked 
|  80|0x000000070e200000, 0x000000070e200000, 0x000000070e400000|  0%| F|  |TAMS 0x000000070e200000, 0x000000070e200000| Untracked 
|  81|0x000000070e400000, 0x000000070e400000, 0x000000070e600000|  0%| F|  |TAMS 0x000000070e400000, 0x000000070e400000| Untracked 
|  82|0x000000070e600000, 0x000000070e600000, 0x000000070e800000|  0%| F|  |TAMS 0x000000070e600000, 0x000000070e600000| Untracked 
|  83|0x000000070e800000, 0x000000070e800000, 0x000000070ea00000|  0%| F|  |TAMS 0x000000070e800000, 0x000000070e800000| Untracked 
|  84|0x000000070ea00000, 0x000000070ea00000, 0x000000070ec00000|  0%| F|  |TAMS 0x000000070ea00000, 0x000000070ea00000| Untracked 
|  85|0x000000070ec00000, 0x000000070ec00000, 0x000000070ee00000|  0%| F|  |TAMS 0x000000070ec00000, 0x000000070ec00000| Untracked 
|  86|0x000000070ee00000, 0x000000070ee00000, 0x000000070f000000|  0%| F|  |TAMS 0x000000070ee00000, 0x000000070ee00000| Untracked 
|  87|0x000000070f000000, 0x000000070f000000, 0x000000070f200000|  0%| F|  |TAMS 0x000000070f000000, 0x000000070f000000| Untracked 
|  88|0x000000070f200000, 0x000000070f200000, 0x000000070f400000|  0%| F|  |TAMS 0x000000070f200000, 0x000000070f200000| Untracked 
|  89|0x000000070f400000, 0x000000070f400000, 0x000000070f600000|  0%| F|  |TAMS 0x000000070f400000, 0x000000070f400000| Untracked 
|  90|0x000000070f600000, 0x000000070f600000, 0x000000070f800000|  0%| F|  |TAMS 0x000000070f600000, 0x000000070f600000| Untracked 
|  91|0x000000070f800000, 0x000000070f800000, 0x000000070fa00000|  0%| F|  |TAMS 0x000000070f800000, 0x000000070f800000| Untracked 
|  92|0x000000070fa00000, 0x000000070fa00000, 0x000000070fc00000|  0%| F|  |TAMS 0x000000070fa00000, 0x000000070fa00000| Untracked 
|  93|0x000000070fc00000, 0x000000070fc00000, 0x000000070fe00000|  0%| F|  |TAMS 0x000000070fc00000, 0x000000070fc00000| Untracked 
|  94|0x000000070fe00000, 0x000000070fe00000, 0x0000000710000000|  0%| F|  |TAMS 0x000000070fe00000, 0x000000070fe00000| Untracked 
|  95|0x0000000710000000, 0x0000000710000000, 0x0000000710200000|  0%| F|  |TAMS 0x0000000710000000, 0x0000000710000000| Untracked 
|  96|0x0000000710200000, 0x0000000710200000, 0x0000000710400000|  0%| F|  |TAMS 0x0000000710200000, 0x0000000710200000| Untracked 
|  97|0x0000000710400000, 0x0000000710400000, 0x0000000710600000|  0%| F|  |TAMS 0x0000000710400000, 0x0000000710400000| Untracked 
|  98|0x0000000710600000, 0x0000000710600000, 0x0000000710800000|  0%| F|  |TAMS 0x0000000710600000, 0x0000000710600000| Untracked 
|  99|0x0000000710800000, 0x0000000710800000, 0x0000000710a00000|  0%| F|  |TAMS 0x0000000710800000, 0x0000000710800000| Untracked 
| 100|0x0000000710a00000, 0x0000000710a00000, 0x0000000710c00000|  0%| F|  |TAMS 0x0000000710a00000, 0x0000000710a00000| Untracked 
| 101|0x0000000710c00000, 0x0000000710c00000, 0x0000000710e00000|  0%| F|  |TAMS 0x0000000710c00000, 0x0000000710c00000| Untracked 
| 102|0x0000000710e00000, 0x0000000710e00000, 0x0000000711000000|  0%| F|  |TAMS 0x0000000710e00000, 0x0000000710e00000| Untracked 
| 103|0x0000000711000000, 0x0000000711000000, 0x0000000711200000|  0%| F|  |TAMS 0x0000000711000000, 0x0000000711000000| Untracked 
| 104|0x0000000711200000, 0x0000000711200000, 0x0000000711400000|  0%| F|  |TAMS 0x0000000711200000, 0x0000000711200000| Untracked 
| 105|0x0000000711400000, 0x0000000711400000, 0x0000000711600000|  0%| F|  |TAMS 0x0000000711400000, 0x0000000711400000| Untracked 
| 106|0x0000000711600000, 0x0000000711600000, 0x0000000711800000|  0%| F|  |TAMS 0x0000000711600000, 0x0000000711600000| Untracked 
| 107|0x0000000711800000, 0x0000000711800000, 0x0000000711a00000|  0%| F|  |TAMS 0x0000000711800000, 0x0000000711800000| Untracked 
| 108|0x0000000711a00000, 0x0000000711a00000, 0x0000000711c00000|  0%| F|  |TAMS 0x0000000711a00000, 0x0000000711a00000| Untracked 
| 109|0x0000000711c00000, 0x0000000711c00000, 0x0000000711e00000|  0%| F|  |TAMS 0x0000000711c00000, 0x0000000711c00000| Untracked 
| 110|0x0000000711e00000, 0x0000000711e00000, 0x0000000712000000|  0%| F|  |TAMS 0x0000000711e00000, 0x0000000711e00000| Untracked 
| 111|0x0000000712000000, 0x00000007121d2258, 0x0000000712200000| 91%| E|  |TAMS 0x0000000712000000, 0x0000000712000000| Complete 
| 112|0x0000000712200000, 0x0000000712400000, 0x0000000712400000|100%| E|CS|TAMS 0x0000000712200000, 0x0000000712200000| Complete 
| 113|0x0000000712400000, 0x0000000712600000, 0x0000000712600000|100%| E|CS|TAMS 0x0000000712400000, 0x0000000712400000| Complete 
| 114|0x0000000712600000, 0x0000000712800000, 0x0000000712800000|100%| E|CS|TAMS 0x0000000712600000, 0x0000000712600000| Complete 
| 115|0x0000000712800000, 0x0000000712a00000, 0x0000000712a00000|100%| E|CS|TAMS 0x0000000712800000, 0x0000000712800000| Complete 
| 116|0x0000000712a00000, 0x0000000712c00000, 0x0000000712c00000|100%| E|CS|TAMS 0x0000000712a00000, 0x0000000712a00000| Complete 
| 117|0x0000000712c00000, 0x0000000712e00000, 0x0000000712e00000|100%| E|CS|TAMS 0x0000000712c00000, 0x0000000712c00000| Complete 
| 118|0x0000000712e00000, 0x0000000713000000, 0x0000000713000000|100%| E|CS|TAMS 0x0000000712e00000, 0x0000000712e00000| Complete 
| 119|0x0000000713000000, 0x0000000713200000, 0x0000000713200000|100%| E|CS|TAMS 0x0000000713000000, 0x0000000713000000| Complete 
| 120|0x0000000713200000, 0x0000000713400000, 0x0000000713400000|100%| E|CS|TAMS 0x0000000713200000, 0x0000000713200000| Complete 
| 121|0x0000000713400000, 0x0000000713600000, 0x0000000713600000|100%| E|CS|TAMS 0x0000000713400000, 0x0000000713400000| Complete 
| 122|0x0000000713600000, 0x0000000713800000, 0x0000000713800000|100%| E|CS|TAMS 0x0000000713600000, 0x0000000713600000| Complete 
| 123|0x0000000713800000, 0x0000000713a00000, 0x0000000713a00000|100%| E|CS|TAMS 0x0000000713800000, 0x0000000713800000| Complete 
| 124|0x0000000713a00000, 0x0000000713c00000, 0x0000000713c00000|100%| E|CS|TAMS 0x0000000713a00000, 0x0000000713a00000| Complete 
| 125|0x0000000713c00000, 0x0000000713e00000, 0x0000000713e00000|100%| E|CS|TAMS 0x0000000713c00000, 0x0000000713c00000| Complete 
| 126|0x0000000713e00000, 0x0000000714000000, 0x0000000714000000|100%| E|CS|TAMS 0x0000000713e00000, 0x0000000713e00000| Complete 
| 127|0x0000000714000000, 0x0000000714200000, 0x0000000714200000|100%| E|CS|TAMS 0x0000000714000000, 0x0000000714000000| Complete 
| 128|0x0000000714200000, 0x0000000714400000, 0x0000000714400000|100%| E|CS|TAMS 0x0000000714200000, 0x0000000714200000| Complete 
| 129|0x0000000714400000, 0x0000000714600000, 0x0000000714600000|100%| E|CS|TAMS 0x0000000714400000, 0x0000000714400000| Complete 
| 130|0x0000000714600000, 0x0000000714800000, 0x0000000714800000|100%| E|CS|TAMS 0x0000000714600000, 0x0000000714600000| Complete 
| 139|0x0000000715800000, 0x0000000715a00000, 0x0000000715a00000|100%| E|CS|TAMS 0x0000000715800000, 0x0000000715800000| Complete 
| 142|0x0000000715e00000, 0x0000000716000000, 0x0000000716000000|100%| E|CS|TAMS 0x0000000715e00000, 0x0000000715e00000| Complete 
| 143|0x0000000716000000, 0x0000000716200000, 0x0000000716200000|100%| E|CS|TAMS 0x0000000716000000, 0x0000000716000000| Complete 
| 327|0x000000072d000000, 0x000000072d200000, 0x000000072d200000|100%| E|CS|TAMS 0x000000072d000000, 0x000000072d000000| Complete 
| 328|0x000000072d200000, 0x000000072d400000, 0x000000072d400000|100%| E|CS|TAMS 0x000000072d200000, 0x000000072d200000| Complete 
| 329|0x000000072d400000, 0x000000072d600000, 0x000000072d600000|100%| E|CS|TAMS 0x000000072d400000, 0x000000072d400000| Complete 

Card table byte_map: [0x000002475c630000,0x000002475ce10000] _byte_map_base: 0x0000024758e0f000

Marking Bits (Prev, Next): (CMBitMap*) 0x000002474310a7c0, (CMBitMap*) 0x000002474310a800
 Prev Bits: [0x000002475d5f0000, 0x00000247614e8000)
 Next Bits: [0x00000247614f0000, 0x00000247653e8000)

Polling page: 0x0000024742ec0000

Metaspace:

Usage:
  Non-class:     73.84 MB used.
      Class:     10.54 MB used.
       Both:     84.38 MB used.

Virtual space:
  Non-class space:      128.00 MB reserved,      74.50 MB ( 58%) committed,  2 nodes.
      Class space:        1.00 GB reserved,      11.12 MB (  1%) committed,  1 nodes.
             Both:        1.12 GB reserved,      85.62 MB (  7%) committed. 

Chunk freelists:
   Non-Class:  1008.00 KB
       Class:  928.00 KB
        Both:  1.89 MB

MaxMetaspaceSize: unlimited
CompressedClassSpaceSize: 1.00 GB
Initial GC threshold: 21.00 MB
Current GC threshold: 142.62 MB
CDS: on
MetaspaceReclaimPolicy: balanced
 - commit_granule_bytes: 65536.
 - commit_granule_words: 8192.
 - virtual_space_node_default_size: 8388608.
 - enlarge_chunks_in_place: 1.
 - new_chunks_are_fully_committed: 0.
 - uncommit_free_chunks: 1.
 - use_allocation_guard: 0.


Internal statistics:

num_allocs_failed_limit: 9.
num_arena_births: 3976.
num_arena_deaths: 2002.
num_vsnodes_births: 3.
num_vsnodes_deaths: 0.
num_space_committed: 1370.
num_space_uncommitted: 0.
num_chunks_returned_to_freelist: 2245.
num_chunks_taken_from_freelist: 8551.
num_chunk_merges: 815.
num_chunk_splits: 4896.
num_chunks_enlarged: 3007.
num_inconsistent_stats: 0.

CodeHeap 'non-profiled nmethods': size=120000Kb used=17016Kb max_used=17562Kb free=102983Kb
 bounds [0x0000024753ca0000, 0x0000024754de0000, 0x000002475b1d0000]
CodeHeap 'profiled nmethods': size=120000Kb used=42071Kb max_used=42071Kb free=77928Kb
 bounds [0x000002474c770000, 0x000002474f090000, 0x0000024753ca0000]
CodeHeap 'non-nmethods': size=5760Kb used=2423Kb max_used=2553Kb free=3336Kb
 bounds [0x000002474c1d0000, 0x000002474c460000, 0x000002474c770000]
 total_blobs=22749 nmethods=21808 adapters=852
 compilation: enabled
              stopped_count=0, restarted_count=0
 full_count=0

Compilation events (20 events):
Event: 10261.826 Thread 0x00000247680a1810 nmethod 28025 0x000002474f055b10 code [0x000002474f055ce0, 0x000002474f056198]
Event: 10261.826 Thread 0x00000247680a1810 28026       3       java.util.TreeMap$AscendingSubMap$AscendingEntrySetView::iterator (26 bytes)
Event: 10261.827 Thread 0x00000247680a1810 nmethod 28026 0x000002474f056310 code [0x000002474f0564e0, 0x000002474f0567a8]
Event: 10261.827 Thread 0x00000247680a1810 28027       3       java.util.TreeMap$NavigableSubMap::absLowest (71 bytes)
Event: 10261.827 Thread 0x00000247680a1810 nmethod 28027 0x000002474f056910 code [0x000002474f056b00, 0x000002474f056fa8]
Event: 10261.827 Thread 0x00000247680a1810 28028       3       java.util.TreeMap$NavigableSubMap::absHighFence (44 bytes)
Event: 10261.828 Thread 0x00000247680a1810 nmethod 28028 0x000002474f057190 code [0x000002474f057360, 0x000002474f0575f8]
Event: 10261.828 Thread 0x00000247680a1810 28029       3       java.util.TreeMap$NavigableSubMap$SubMapIterator::<init> (49 bytes)
Event: 10261.828 Thread 0x00000247680a1810 nmethod 28029 0x000002474f057710 code [0x000002474f0578c0, 0x000002474f057c18]
Event: 10261.828 Thread 0x00000247680a1810 28030       3       java.util.TreeMap$NavigableSubMap$SubMapIterator::hasNext (27 bytes)
Event: 10261.828 Thread 0x000002476f916330 nmethod 28011 0x0000024754576b10 code [0x0000024754576cc0, 0x0000024754577038]
Event: 10261.829 Thread 0x00000247680a1810 nmethod 28030 0x000002474f057d90 code [0x000002474f057f20, 0x000002474f0580d8]
Event: 10261.829 Thread 0x000002476f916330 28012       4       com.google.googlejavaformat.Newlines::containsBreaks (10 bytes)
Event: 10261.829 Thread 0x00000247680a1810 28032       3       com.sun.tools.javac.parser.JavacParser$SimpleEndPosTable::getEndPos (20 bytes)
Event: 10261.829 Thread 0x00000247680a1810 nmethod 28032 0x000002474f058190 code [0x000002474f058360, 0x000002474f058668]
Event: 10261.829 Thread 0x00000247680a1810 28020       3       com.sun.tools.javac.parser.JavacParser::qualidentList (145 bytes)
Event: 10261.831 Thread 0x00000247680a1810 nmethod 28020 0x000002474f058810 code [0x000002474f058b20, 0x000002474f059bb8]
Event: 10261.832 Thread 0x00000247680a1810 28035       3       com.sun.tools.javac.tree.TreeInfo::getEndPos (681 bytes)
Event: 10261.832 Thread 0x000002476809eb10 nmethod 28009% 0x0000024754576610 code [0x00000247545767a0, 0x00000247545769b8]
Event: 10261.832 Thread 0x000002476809eb10 28013       4       com.google.common.base.CharMatcher::anyOf (74 bytes)

GC Heap History (20 events):
Event: 9788.518 GC heap before
{Heap before GC invocations=129 (full 0):
 garbage-first heap   total 301056K, used 81463K [0x0000000704200000, 0x0000000800000000)
  region size 2048K, 7 young (14336K), 1 survivors (2048K)
 Metaspace       used 77734K, committed 79680K, reserved 1179648K
  class space    used 9678K, committed 11072K, reserved 1048576K
}
Event: 9788.520 GC heap after
{Heap after GC invocations=130 (full 0):
 garbage-first heap   total 301056K, used 72578K [0x0000000704200000, 0x0000000800000000)
  region size 2048K, 1 young (2048K), 1 survivors (2048K)
 Metaspace       used 77734K, committed 79680K, reserved 1179648K
  class space    used 9678K, committed 11072K, reserved 1048576K
}
Event: 10250.041 GC heap before
{Heap before GC invocations=131 (full 0):
 garbage-first heap   total 280576K, used 213890K [0x0000000704200000, 0x0000000800000000)
  region size 2048K, 69 young (141312K), 1 survivors (2048K)
 Metaspace       used 77907K, committed 79808K, reserved 1179648K
  class space    used 9693K, committed 11072K, reserved 1048576K
}
Event: 10250.050 GC heap after
{Heap after GC invocations=132 (full 0):
 garbage-first heap   total 280576K, used 85444K [0x0000000704200000, 0x0000000800000000)
  region size 2048K, 7 young (14336K), 7 survivors (14336K)
 Metaspace       used 77907K, committed 79808K, reserved 1179648K
  class space    used 9693K, committed 11072K, reserved 1048576K
}
Event: 10250.075 GC heap before
{Heap before GC invocations=132 (full 0):
 garbage-first heap   total 280576K, used 87492K [0x0000000704200000, 0x0000000800000000)
  region size 2048K, 8 young (16384K), 7 survivors (14336K)
 Metaspace       used 77907K, committed 79808K, reserved 1179648K
  class space    used 9693K, committed 11072K, reserved 1048576K
}
Event: 10250.084 GC heap after
{Heap after GC invocations=133 (full 0):
 garbage-first heap   total 280576K, used 73703K [0x0000000704200000, 0x0000000800000000)
  region size 2048K, 1 young (2048K), 1 survivors (2048K)
 Metaspace       used 77907K, committed 79808K, reserved 1179648K
  class space    used 9693K, committed 11072K, reserved 1048576K
}
Event: 10251.408 GC heap before
{Heap before GC invocations=133 (full 0):
 garbage-first heap   total 280576K, used 198631K [0x0000000704200000, 0x0000000800000000)
  region size 2048K, 63 young (129024K), 1 survivors (2048K)
 Metaspace       used 79784K, committed 81472K, reserved 1179648K
  class space    used 9930K, committed 11072K, reserved 1048576K
}
Event: 10251.415 GC heap after
{Heap after GC invocations=134 (full 0):
 garbage-first heap   total 280576K, used 80807K [0x0000000704200000, 0x0000000800000000)
  region size 2048K, 5 young (10240K), 5 survivors (10240K)
 Metaspace       used 79784K, committed 81472K, reserved 1179648K
  class space    used 9930K, committed 11072K, reserved 1048576K
}
Event: 10252.382 GC heap before
{Heap before GC invocations=135 (full 0):
 garbage-first heap   total 280576K, used 203687K [0x0000000704200000, 0x0000000800000000)
  region size 2048K, 66 young (135168K), 5 survivors (10240K)
 Metaspace       used 83122K, committed 84480K, reserved 1179648K
  class space    used 10403K, committed 11072K, reserved 1048576K
}
Event: 10252.389 GC heap after
{Heap after GC invocations=136 (full 0):
 garbage-first heap   total 280576K, used 85300K [0x0000000704200000, 0x0000000800000000)
  region size 2048K, 7 young (14336K), 7 survivors (14336K)
 Metaspace       used 83122K, committed 84480K, reserved 1179648K
  class space    used 10403K, committed 11072K, reserved 1048576K
}
Event: 10252.401 GC heap before
{Heap before GC invocations=136 (full 0):
 garbage-first heap   total 280576K, used 87348K [0x0000000704200000, 0x0000000800000000)
  region size 2048K, 8 young (16384K), 7 survivors (14336K)
 Metaspace       used 83123K, committed 84480K, reserved 1179648K
  class space    used 10403K, committed 11072K, reserved 1048576K
}
Event: 10252.410 GC heap after
{Heap after GC invocations=137 (full 0):
 garbage-first heap   total 280576K, used 82545K [0x0000000704200000, 0x0000000800000000)
  region size 2048K, 1 young (2048K), 1 survivors (2048K)
 Metaspace       used 83123K, committed 84480K, reserved 1179648K
  class space    used 10403K, committed 11072K, reserved 1048576K
}
Event: 10252.768 GC heap before
{Heap before GC invocations=137 (full 0):
 garbage-first heap   total 280576K, used 209521K [0x0000000704200000, 0x0000000800000000)
  region size 2048K, 64 young (131072K), 1 survivors (2048K)
 Metaspace       used 83358K, committed 84672K, reserved 1179648K
  class space    used 10403K, committed 11072K, reserved 1048576K
}
Event: 10252.769 GC heap after
{Heap after GC invocations=138 (full 0):
 garbage-first heap   total 280576K, used 81887K [0x0000000704200000, 0x0000000800000000)
  region size 2048K, 1 young (2048K), 1 survivors (2048K)
 Metaspace       used 83358K, committed 84672K, reserved 1179648K
  class space    used 10403K, committed 11072K, reserved 1048576K
}
Event: 10261.202 GC heap before
{Heap before GC invocations=139 (full 0):
 garbage-first heap   total 280576K, used 212959K [0x0000000704200000, 0x0000000800000000)
  region size 2048K, 67 young (137216K), 1 survivors (2048K)
 Metaspace       used 86085K, committed 87360K, reserved 1179648K
  class space    used 10789K, committed 11392K, reserved 1048576K
}
Event: 10261.206 GC heap after
{Heap after GC invocations=140 (full 0):
 garbage-first heap   total 280576K, used 83794K [0x0000000704200000, 0x0000000800000000)
  region size 2048K, 3 young (6144K), 3 survivors (6144K)
 Metaspace       used 86085K, committed 87360K, reserved 1179648K
  class space    used 10789K, committed 11392K, reserved 1048576K
}
Event: 10261.227 GC heap before
{Heap before GC invocations=140 (full 0):
 garbage-first heap   total 280576K, used 87890K [0x0000000704200000, 0x0000000800000000)
  region size 2048K, 6 young (12288K), 3 survivors (6144K)
 Metaspace       used 86103K, committed 87360K, reserved 1179648K
  class space    used 10789K, committed 11392K, reserved 1048576K
}
Event: 10261.234 GC heap after
{Heap after GC invocations=141 (full 0):
 garbage-first heap   total 280576K, used 73617K [0x0000000704200000, 0x0000000800000000)
  region size 2048K, 1 young (2048K), 1 survivors (2048K)
 Metaspace       used 86103K, committed 87360K, reserved 1179648K
  class space    used 10789K, committed 11392K, reserved 1048576K
}
Event: 10261.662 GC heap before
{Heap before GC invocations=141 (full 0):
 garbage-first heap   total 280576K, used 216977K [0x0000000704200000, 0x0000000800000000)
  region size 2048K, 72 young (147456K), 1 survivors (2048K)
 Metaspace       used 86371K, committed 87616K, reserved 1179648K
  class space    used 10790K, committed 11392K, reserved 1048576K
}
Event: 10261.663 GC heap after
{Heap after GC invocations=142 (full 0):
 garbage-first heap   total 280576K, used 73285K [0x0000000704200000, 0x0000000800000000)
  region size 2048K, 1 young (2048K), 1 survivors (2048K)
 Metaspace       used 86371K, committed 87616K, reserved 1179648K
  class space    used 10790K, committed 11392K, reserved 1048576K
}

Deoptimization events (20 events):
Event: 10261.440 Thread 0x0000024770f675b0 Uncommon trap: trap_request=0xffffffc6 fr.pc=0x000002475479c7a4 relative=0x00000000000007e4
Event: 10261.440 Thread 0x0000024770f675b0 Uncommon trap: reason=bimorphic_or_optimized_type_check action=maybe_recompile pc=0x000002475479c7a4 method=com.sun.source.util.TreeScanner.visitExpressionStatement(Lcom/sun/source/tree/ExpressionStatementTree;Ljava/lang/Object;)Ljava/lang/Object; @ 8 c2
Event: 10261.440 Thread 0x0000024770f675b0 DEOPT PACKING pc=0x000002475479c7a4 sp=0x00000065ad8fd1d0
Event: 10261.440 Thread 0x0000024770f675b0 DEOPT UNPACKING pc=0x000002474c2223a3 sp=0x00000065ad8fd1a8 mode 2
Event: 10261.447 Thread 0x0000024770f675b0 Uncommon trap: trap_request=0xffffffc6 fr.pc=0x000002475479c7a4 relative=0x00000000000007e4
Event: 10261.447 Thread 0x0000024770f675b0 Uncommon trap: reason=bimorphic_or_optimized_type_check action=maybe_recompile pc=0x000002475479c7a4 method=com.sun.source.util.TreeScanner.visitExpressionStatement(Lcom/sun/source/tree/ExpressionStatementTree;Ljava/lang/Object;)Ljava/lang/Object; @ 8 c2
Event: 10261.448 Thread 0x0000024770f675b0 DEOPT PACKING pc=0x000002475479c7a4 sp=0x00000065ad8fd1d0
Event: 10261.448 Thread 0x0000024770f675b0 DEOPT UNPACKING pc=0x000002474c2223a3 sp=0x00000065ad8fd1a8 mode 2
Event: 10261.448 Thread 0x0000024770f675b0 Uncommon trap: trap_request=0xffffffc6 fr.pc=0x000002475479c7a4 relative=0x00000000000007e4
Event: 10261.448 Thread 0x0000024770f675b0 Uncommon trap: reason=bimorphic_or_optimized_type_check action=maybe_recompile pc=0x000002475479c7a4 method=com.sun.source.util.TreeScanner.visitExpressionStatement(Lcom/sun/source/tree/ExpressionStatementTree;Ljava/lang/Object;)Ljava/lang/Object; @ 8 c2
Event: 10261.448 Thread 0x0000024770f675b0 DEOPT PACKING pc=0x000002475479c7a4 sp=0x00000065ad8fd1d0
Event: 10261.448 Thread 0x0000024770f675b0 DEOPT UNPACKING pc=0x000002474c2223a3 sp=0x00000065ad8fd1a8 mode 2
Event: 10261.482 Thread 0x0000024770f675b0 DEOPT PACKING pc=0x000002474d74dc8b sp=0x00000065ad8fe190
Event: 10261.482 Thread 0x0000024770f675b0 DEOPT UNPACKING pc=0x000002474c222b43 sp=0x00000065ad8fd668 mode 0
Event: 10261.526 Thread 0x0000024770f675b0 Uncommon trap: trap_request=0xffffffde fr.pc=0x00000247544dfcb8 relative=0x0000000000000318
Event: 10261.526 Thread 0x0000024770f675b0 Uncommon trap: reason=class_check action=maybe_recompile pc=0x00000247544dfcb8 method=com.google.common.collect.AbstractMapBasedMultimap.createCollection(Ljava/lang/Object;)Ljava/util/Collection; @ 1 c2
Event: 10261.526 Thread 0x0000024770f675b0 DEOPT PACKING pc=0x00000247544dfcb8 sp=0x00000065ad8fcc50
Event: 10261.527 Thread 0x0000024770f675b0 DEOPT UNPACKING pc=0x000002474c2223a3 sp=0x00000065ad8fcc10 mode 2
Event: 10261.661 Thread 0x0000024770f675b0 DEOPT PACKING pc=0x000002474dad43d4 sp=0x00000065ad8fd690
Event: 10261.661 Thread 0x0000024770f675b0 DEOPT UNPACKING pc=0x000002474c222b43 sp=0x00000065ad8fcba0 mode 0

Classes loaded (20 events):
Event: 10253.008 Loading class java/lang/ThrowableBeanInfo
Event: 10253.008 Loading class java/lang/ThrowableBeanInfo done
Event: 10253.008 Loading class java/lang/ThrowableCustomizer
Event: 10253.008 Loading class java/lang/ThrowableCustomizer done
Event: 10253.009 Loading class java/lang/ThrowableCustomizer
Event: 10253.009 Loading class java/lang/ThrowableCustomizer done
Event: 10253.009 Loading class java/lang/ExceptionCustomizer
Event: 10253.009 Loading class java/lang/ExceptionCustomizer done
Event: 10253.009 Loading class java/lang/ExceptionCustomizer
Event: 10253.009 Loading class java/lang/ExceptionCustomizer done
Event: 10253.009 Loading class java/lang/RuntimeExceptionCustomizer
Event: 10253.009 Loading class java/lang/RuntimeExceptionCustomizer done
Event: 10253.010 Loading class java/lang/RuntimeExceptionCustomizer
Event: 10253.010 Loading class java/lang/RuntimeExceptionCustomizer done
Event: 10253.017 Loading class java/net/URLEncoder
Event: 10253.018 Loading class java/net/URLEncoder done
Event: 10260.788 Loading class java/net/URLDecoder
Event: 10260.789 Loading class java/net/URLDecoder done
Event: 10260.791 Loading class java/nio/file/attribute/FileTime$1
Event: 10260.791 Loading class java/nio/file/attribute/FileTime$1 done

Classes unloaded (20 events):
Event: 4256.958 Thread 0x0000024743123010 Unloading class 0x0000000800cc4400 'java/lang/invoke/LambdaForm$MH+0x0000000800cc4400'
Event: 4256.958 Thread 0x0000024743123010 Unloading class 0x0000000800cc4000 'java/lang/invoke/LambdaForm$BMH+0x0000000800cc4000'
Event: 4256.958 Thread 0x0000024743123010 Unloading class 0x0000000800cb8000 'java/lang/invoke/LambdaForm$MH+0x0000000800cb8000'
Event: 4256.958 Thread 0x0000024743123010 Unloading class 0x0000000800c9d400 'java/lang/invoke/LambdaForm$MH+0x0000000800c9d400'
Event: 4256.958 Thread 0x0000024743123010 Unloading class 0x0000000800c9d000 'java/lang/invoke/LambdaForm$MH+0x0000000800c9d000'
Event: 4256.958 Thread 0x0000024743123010 Unloading class 0x0000000800c9cc00 'java/lang/invoke/LambdaForm$MH+0x0000000800c9cc00'
Event: 4256.958 Thread 0x0000024743123010 Unloading class 0x0000000800c8e000 'java/lang/invoke/LambdaForm$MH+0x0000000800c8e000'
Event: 4256.958 Thread 0x0000024743123010 Unloading class 0x0000000800c8dc00 'java/lang/invoke/LambdaForm$MH+0x0000000800c8dc00'
Event: 4256.958 Thread 0x0000024743123010 Unloading class 0x0000000800c8d400 'java/lang/invoke/LambdaForm$MH+0x0000000800c8d400'
Event: 4256.958 Thread 0x0000024743123010 Unloading class 0x0000000800c8d000 'java/lang/invoke/LambdaForm$MH+0x0000000800c8d000'
Event: 4256.958 Thread 0x0000024743123010 Unloading class 0x0000000800c8c400 'java/lang/invoke/LambdaForm$MH+0x0000000800c8c400'
Event: 4256.958 Thread 0x0000024743123010 Unloading class 0x0000000800c2a400 'java/lang/invoke/LambdaForm$MH+0x0000000800c2a400'
Event: 4256.958 Thread 0x0000024743123010 Unloading class 0x0000000800c2a000 'java/lang/invoke/LambdaForm$MH+0x0000000800c2a000'
Event: 4256.958 Thread 0x0000024743123010 Unloading class 0x0000000800c28400 'java/lang/invoke/LambdaForm$MH+0x0000000800c28400'
Event: 4256.958 Thread 0x0000024743123010 Unloading class 0x0000000800c18400 'java/lang/invoke/LambdaForm$MH+0x0000000800c18400'
Event: 4256.958 Thread 0x0000024743123010 Unloading class 0x0000000800c02000 'java/lang/invoke/LambdaForm$MH+0x0000000800c02000'
Event: 4256.958 Thread 0x0000024743123010 Unloading class 0x0000000800c01c00 'java/lang/invoke/LambdaForm$MH+0x0000000800c01c00'
Event: 4256.958 Thread 0x0000024743123010 Unloading class 0x0000000800c01400 'java/lang/invoke/LambdaForm$MH+0x0000000800c01400'
Event: 9695.146 Thread 0x0000024743123010 Unloading class 0x00000008016b7000 'jdk/internal/reflect/GeneratedSerializationConstructorAccessor52'
Event: 10251.469 Thread 0x0000024743123010 Unloading class 0x0000000801682800 'jdk/internal/reflect/GeneratedSerializationConstructorAccessor27'

Classes redefined (0 events):
No events

Internal exceptions (20 events):
Event: 10260.712 Thread 0x0000024771644040 Exception <a 'sun/nio/fs/WindowsException'{0x000000070fe0c1a8}> (0x000000070fe0c1a8) 
thrown [s\open\src\hotspot\share\prims\jni.cpp, line 516]
Event: 10260.712 Thread 0x0000024771644040 Exception <a 'sun/nio/fs/WindowsException'{0x000000070fe0d730}> (0x000000070fe0d730) 
thrown [s\open\src\hotspot\share\prims\jni.cpp, line 516]
Event: 10260.753 Thread 0x0000024771644040 Exception <a 'java/lang/ClassNotFoundException'{0x000000070fd55660}: com/github/sherter/googlejavaformatgradleplugin/GoogleJavaFormat_DecoratedBeanInfo> (0x000000070fd55660) 
thrown [s\open\src\hotspot\share\classfile\systemDictionary.cpp, line 255]
Event: 10260.754 Thread 0x0000024771644040 Exception <a 'java/lang/ClassNotFoundException'{0x000000070fd5fa48}: com/github/sherter/googlejavaformatgradleplugin/GoogleJavaFormatBeanInfo> (0x000000070fd5fa48) 
thrown [s\open\src\hotspot\share\classfile\systemDictionary.cpp, line 255]
Event: 10260.755 Thread 0x0000024771644040 Exception <a 'java/lang/ClassNotFoundException'{0x000000070fd69e30}: com/github/sherter/googlejavaformatgradleplugin/GoogleJavaFormatCustomizer> (0x000000070fd69e30) 
thrown [s\open\src\hotspot\share\classfile\systemDictionary.cpp, line 255]
Event: 10260.759 Thread 0x0000024771644040 Exception <a 'java/lang/ClassNotFoundException'{0x000000070f8934c0}: com/github/sherter/googlejavaformatgradleplugin/GoogleJavaFormat_DecoratedCustomizer> (0x000000070f8934c0) 
thrown [s\open\src\hotspot\share\classfile\systemDictionary.cpp, line 255]
Event: 10260.769 Thread 0x00000247716419c0 Exception <a 'sun/nio/fs/WindowsException'{0x000000070f622208}> (0x000000070f622208) 
thrown [s\open\src\hotspot\share\prims\jni.cpp, line 516]
Event: 10260.772 Thread 0x00000247716419c0 Exception <a 'sun/nio/fs/WindowsException'{0x000000070f404610}> (0x000000070f404610) 
thrown [s\open\src\hotspot\share\prims\jni.cpp, line 516]
Event: 10260.853 Thread 0x00000247716419c0 Exception <a 'java/lang/ClassNotFoundException'{0x000000070ee19608}: com/google/googlejavaformat/java/JavaFormatterOptionsBeanInfo> (0x000000070ee19608) 
thrown [s\open\src\hotspot\share\classfile\systemDictionary.cpp, line 255]
Event: 10260.853 Thread 0x00000247716419c0 Exception <a 'java/lang/ClassNotFoundException'{0x000000070ee1e1f0}: com/google/googlejavaformat/java/JavaFormatterOptionsCustomizer> (0x000000070ee1e1f0) 
thrown [s\open\src\hotspot\share\classfile\systemDictionary.cpp, line 255]
Event: 10260.856 Thread 0x00000247716419c0 Exception <a 'java/lang/ClassNotFoundException'{0x000000070ee5b988}: com/google/googlejavaformat/java/AutoValue_JavaFormatterOptions$BuilderBeanInfo> (0x000000070ee5b988) 
thrown [s\open\src\hotspot\share\classfile\systemDictionary.cpp, line 255]
Event: 10260.856 Thread 0x00000247716419c0 Exception <a 'java/lang/ClassNotFoundException'{0x000000070ee610a0}: com/google/googlejavaformat/java/JavaFormatterOptions$BuilderBeanInfo> (0x000000070ee610a0) 
thrown [s\open\src\hotspot\share\classfile\systemDictionary.cpp, line 255]
Event: 10260.856 Thread 0x00000247716419c0 Exception <a 'java/lang/ClassNotFoundException'{0x000000070ee66780}: com/google/googlejavaformat/java/JavaFormatterOptions$BuilderCustomizer> (0x000000070ee66780) 
thrown [s\open\src\hotspot\share\classfile\systemDictionary.cpp, line 255]
Event: 10260.857 Thread 0x00000247716419c0 Exception <a 'java/lang/ClassNotFoundException'{0x000000070ee6f7e0}: com/google/googlejavaformat/java/AutoValue_JavaFormatterOptions$BuilderCustomizer> (0x000000070ee6f7e0) 
thrown [s\open\src\hotspot\share\classfile\systemDictionary.cpp, line 255]
Event: 10260.863 Thread 0x00000247716419c0 Exception <a 'java/lang/ClassNotFoundException'{0x000000070ef40028}: com/google/googlejavaformat/java/FormatterBeanInfo> (0x000000070ef40028) 
thrown [s\open\src\hotspot\share\classfile\systemDictionary.cpp, line 255]
Event: 10260.864 Thread 0x00000247716419c0 Exception <a 'java/lang/ClassNotFoundException'{0x000000070ef44910}: com/google/googlejavaformat/java/FormatterCustomizer> (0x000000070ef44910) 
thrown [s\open\src\hotspot\share\classfile\systemDictionary.cpp, line 255]
Event: 10260.870 Thread 0x00000247716419c0 Exception <a 'java/lang/ClassNotFoundException'{0x000000070efe08e8}: com/google/googlejavaformat/java/RemoveUnusedImportsBeanInfo> (0x000000070efe08e8) 
thrown [s\open\src\hotspot\share\classfile\systemDictionary.cpp, line 255]
Event: 10260.870 Thread 0x00000247716419c0 Exception <a 'java/lang/ClassNotFoundException'{0x000000070efe5228}: com/google/googlejavaformat/java/RemoveUnusedImportsCustomizer> (0x000000070efe5228) 
thrown [s\open\src\hotspot\share\classfile\systemDictionary.cpp, line 255]
Event: 10260.887 Thread 0x0000024770f675b0 Exception <a 'java/lang/ClassNotFoundException'{0x000000070ed3b0f0}: com/google/googlejavaformat/java/ImportOrdererBeanInfo> (0x000000070ed3b0f0) 
thrown [s\open\src\hotspot\share\classfile\systemDictionary.cpp, line 255]
Event: 10260.887 Thread 0x0000024770f675b0 Exception <a 'java/lang/ClassNotFoundException'{0x000000070ed3d200}: com/google/googlejavaformat/java/ImportOrdererCustomizer> (0x000000070ed3d200) 
thrown [s\open\src\hotspot\share\classfile\systemDictionary.cpp, line 255]

VM Operations (20 events):
Event: 10260.962 Executing VM operation: HandshakeAllThreads
Event: 10260.962 Executing VM operation: HandshakeAllThreads done
Event: 10260.962 Executing VM operation: Cleanup
Event: 10260.963 Executing VM operation: Cleanup done
Event: 10261.021 Executing VM operation: HandshakeAllThreads
Event: 10261.021 Executing VM operation: HandshakeAllThreads done
Event: 10261.130 Executing VM operation: HandshakeAllThreads
Event: 10261.130 Executing VM operation: HandshakeAllThreads done
Event: 10261.202 Executing VM operation: G1CollectForAllocation
Event: 10261.206 Executing VM operation: G1CollectForAllocation done
Event: 10261.226 Executing VM operation: G1CollectForAllocation
Event: 10261.234 Executing VM operation: G1CollectForAllocation done
Event: 10261.553 Executing VM operation: ICBufferFull
Event: 10261.553 Executing VM operation: ICBufferFull done
Event: 10261.662 Executing VM operation: G1CollectForAllocation
Event: 10261.663 Executing VM operation: G1CollectForAllocation done
Event: 10261.728 Executing VM operation: G1Concurrent
Event: 10261.745 Executing VM operation: G1Concurrent done
Event: 10261.796 Executing VM operation: G1Concurrent
Event: 10261.796 Executing VM operation: G1Concurrent done

Events (20 events):
Event: 10260.764 Thread 0x00000247716436a0 Thread added: 0x00000247716436a0
Event: 10260.764 Thread 0x0000024771645d20 Thread added: 0x0000024771645d20
Event: 10260.765 Thread 0x00000247716401b0 Thread added: 0x00000247716401b0
Event: 10260.765 Thread 0x00000247716461f0 Thread added: 0x00000247716461f0
Event: 10260.765 Thread 0x0000024772244240 Thread added: 0x0000024772244240
Event: 10260.765 Thread 0x0000024772241bc0 Thread added: 0x0000024772241bc0
Event: 10260.765 Thread 0x0000024772240880 Thread added: 0x0000024772240880
Event: 10260.765 Thread 0x00000247722416f0 Thread added: 0x00000247722416f0
Event: 10260.766 Thread 0x0000024772242a30 Thread added: 0x0000024772242a30
Event: 10260.844 Thread 0x00000247722438a0 Thread added: 0x00000247722438a0
Event: 10260.844 Thread 0x00000247722433d0 Thread added: 0x00000247722433d0
Event: 10260.844 Thread 0x0000024772240d50 Thread added: 0x0000024772240d50
Event: 10260.845 Thread 0x0000024772241220 Thread added: 0x0000024772241220
Event: 10260.845 Thread 0x0000024772242090 Thread added: 0x0000024772242090
Event: 10260.845 Thread 0x0000024772242f00 Thread added: 0x0000024772242f00
Event: 10260.845 Thread 0x0000024770f67a80 Thread added: 0x0000024770f67a80
Event: 10260.845 Thread 0x0000024770f623e0 Thread added: 0x0000024770f623e0
Event: 10260.871 Thread 0x0000024770f675b0 Thread added: 0x0000024770f675b0
Event: 10261.126 Thread 0x000002476f916330 Thread added: 0x000002476f916330
Event: 10261.746 Thread 0x000002476d6203e0 Thread exited: 0x000002476d6203e0


Dynamic libraries:
0x00007ff629430000 - 0x00007ff629440000 	C:\Program Files\Java\jdk-18.0.2.1\bin\java.exe
0x00007ffc28530000 - 0x00007ffc28727000 	C:\WINDOWS\SYSTEM32\ntdll.dll
0x00007ffc283d0000 - 0x00007ffc2848d000 	C:\WINDOWS\System32\KERNEL32.DLL
0x00007ffc25fc0000 - 0x00007ffc262b6000 	C:\WINDOWS\System32\KERNELBASE.dll
0x00007ffc262c0000 - 0x00007ffc263c0000 	C:\WINDOWS\System32\ucrtbase.dll
0x00007ffc14db0000 - 0x00007ffc14dc8000 	C:\Program Files\Java\jdk-18.0.2.1\bin\jli.dll
0x00007ffc16590000 - 0x00007ffc165aa000 	C:\Program Files\Java\jdk-18.0.2.1\bin\VCRUNTIME140.dll
0x00007ffc26f90000 - 0x00007ffc2703e000 	C:\WINDOWS\System32\ADVAPI32.dll
0x00007ffc28190000 - 0x00007ffc2822e000 	C:\WINDOWS\System32\msvcrt.dll
0x00007ffc26680000 - 0x00007ffc2671c000 	C:\WINDOWS\System32\sechost.dll
0x00007ffc282a0000 - 0x00007ffc283c6000 	C:\WINDOWS\System32\RPCRT4.dll
0x00007ffc278a0000 - 0x00007ffc27a3e000 	C:\WINDOWS\System32\USER32.dll
0x00007ffc25ce0000 - 0x00007ffc25d02000 	C:\WINDOWS\System32\win32u.dll
0x00007ffc0d280000 - 0x00007ffc0d51a000 	C:\WINDOWS\WinSxS\amd64_microsoft.windows.common-controls_6595b64144ccf1df_6.0.19041.3570_none_60bb2a3971f3e41a\COMCTL32.dll
0x00007ffc28490000 - 0x00007ffc284bc000 	C:\WINDOWS\System32\GDI32.dll
0x00007ffc26470000 - 0x00007ffc2658a000 	C:\WINDOWS\System32\gdi32full.dll
0x00007ffc25c40000 - 0x00007ffc25cdd000 	C:\WINDOWS\System32\msvcp_win.dll
0x00007ffc16e00000 - 0x00007ffc16e0a000 	C:\WINDOWS\SYSTEM32\VERSION.dll
0x00007ffc284c0000 - 0x00007ffc284f0000 	C:\WINDOWS\System32\IMM32.DLL
0x00007ffc16600000 - 0x00007ffc1660c000 	C:\Program Files\Java\jdk-18.0.2.1\bin\vcruntime140_1.dll
0x00007ffbc1a60000 - 0x00007ffbc1aed000 	C:\Program Files\Java\jdk-18.0.2.1\bin\msvcp140.dll
0x00007ffb566c0000 - 0x00007ffb572d1000 	C:\Program Files\Java\jdk-18.0.2.1\bin\server\jvm.dll
0x00007ffc26c70000 - 0x00007ffc26c78000 	C:\WINDOWS\System32\PSAPI.DLL
0x00007ffc02e70000 - 0x00007ffc02e79000 	C:\WINDOWS\SYSTEM32\WSOCK32.dll
0x00007ffc0f2e0000 - 0x00007ffc0f307000 	C:\WINDOWS\SYSTEM32\WINMM.dll
0x00007ffc28230000 - 0x00007ffc2829b000 	C:\WINDOWS\System32\WS2_32.dll
0x00007ffc24400000 - 0x00007ffc24412000 	C:\WINDOWS\SYSTEM32\kernel.appcore.dll
0x00007ffc164e0000 - 0x00007ffc164ea000 	C:\Program Files\Java\jdk-18.0.2.1\bin\jimage.dll
0x00007ffc23a50000 - 0x00007ffc23c34000 	C:\WINDOWS\SYSTEM32\DBGHELP.DLL
0x00007ffc06550000 - 0x00007ffc06584000 	C:\WINDOWS\SYSTEM32\dbgcore.DLL
0x00007ffc25dd0000 - 0x00007ffc25e52000 	C:\WINDOWS\System32\bcryptPrimitives.dll
0x00007ffc13f10000 - 0x00007ffc13f1e000 	C:\Program Files\Java\jdk-18.0.2.1\bin\instrument.dll
0x00007ffbe2800000 - 0x00007ffbe2825000 	C:\Program Files\Java\jdk-18.0.2.1\bin\java.dll
0x00007ffb96b80000 - 0x00007ffb96c56000 	C:\Program Files\Java\jdk-18.0.2.1\bin\jsvml.dll
0x00007ffc27a40000 - 0x00007ffc28184000 	C:\WINDOWS\System32\SHELL32.dll
0x00007ffc23c50000 - 0x00007ffc243eb000 	C:\WINDOWS\SYSTEM32\windows.storage.dll
0x00007ffc26910000 - 0x00007ffc26c64000 	C:\WINDOWS\System32\combase.dll
0x00007ffc25580000 - 0x00007ffc255ad000 	C:\WINDOWS\SYSTEM32\Wldp.dll
0x00007ffc26ee0000 - 0x00007ffc26f8d000 	C:\WINDOWS\System32\SHCORE.dll
0x00007ffc26e80000 - 0x00007ffc26ed5000 	C:\WINDOWS\System32\shlwapi.dll
0x00007ffc25b40000 - 0x00007ffc25b65000 	C:\WINDOWS\SYSTEM32\profapi.dll
0x00007ffc14d10000 - 0x00007ffc14d28000 	C:\Program Files\Java\jdk-18.0.2.1\bin\zip.dll
0x00007ffbf08d0000 - 0x00007ffbf08e3000 	C:\Program Files\Java\jdk-18.0.2.1\bin\net.dll
0x00007ffc19420000 - 0x00007ffc1952a000 	C:\WINDOWS\SYSTEM32\WINHTTP.dll
0x00007ffc25290000 - 0x00007ffc252fa000 	C:\WINDOWS\system32\mswsock.dll
0x00007ffbf8680000 - 0x00007ffbf8696000 	C:\Program Files\Java\jdk-18.0.2.1\bin\nio.dll
0x00007ffc13c20000 - 0x00007ffc13c30000 	C:\Program Files\Java\jdk-18.0.2.1\bin\verify.dll
0x00007ffbef340000 - 0x00007ffbef367000 	C:\Users\chocofacenine\.gradle\native\68d5fa5c4cc2d200863cafc0d521ce42e7d3e7ee720ec0a83991735586a16f82\windows-amd64\native-platform.dll
0x00007ffbe56a0000 - 0x00007ffbe57e4000 	C:\Users\chocofacenine\.gradle\native\e376f236ea51e6404a007f0833ffe2c6e607c4080706a723a18a27aeea778392\windows-amd64\native-platform-file-events.dll
0x00007ffc1c4d0000 - 0x00007ffc1c4d9000 	C:\Program Files\Java\jdk-18.0.2.1\bin\management.dll
0x00007ffc1c4b0000 - 0x00007ffc1c4bb000 	C:\Program Files\Java\jdk-18.0.2.1\bin\management_ext.dll
0x00007ffc25470000 - 0x00007ffc25488000 	C:\WINDOWS\SYSTEM32\CRYPTSP.dll
0x00007ffc24bb0000 - 0x00007ffc24be4000 	C:\WINDOWS\system32\rsaenh.dll
0x00007ffc25c10000 - 0x00007ffc25c37000 	C:\WINDOWS\System32\bcrypt.dll
0x00007ffc25ac0000 - 0x00007ffc25aee000 	C:\WINDOWS\SYSTEM32\USERENV.dll
0x00007ffc25490000 - 0x00007ffc2549c000 	C:\WINDOWS\SYSTEM32\CRYPTBASE.dll
0x00007ffc24f90000 - 0x00007ffc24fcb000 	C:\WINDOWS\SYSTEM32\IPHLPAPI.DLL
0x00007ffc26e70000 - 0x00007ffc26e78000 	C:\WINDOWS\System32\NSI.dll
0x00007ffc1ab50000 - 0x00007ffc1ab67000 	C:\WINDOWS\SYSTEM32\dhcpcsvc6.DLL
0x00007ffc1a5e0000 - 0x00007ffc1a5fd000 	C:\WINDOWS\SYSTEM32\dhcpcsvc.DLL
0x00007ffc24fe0000 - 0x00007ffc250aa000 	C:\WINDOWS\SYSTEM32\DNSAPI.dll
0x00007ffc13190000 - 0x00007ffc1319e000 	C:\Program Files\Java\jdk-18.0.2.1\bin\sunmscapi.dll
0x00007ffc25e60000 - 0x00007ffc25fbd000 	C:\WINDOWS\System32\CRYPT32.dll
0x00007ffc255f0000 - 0x00007ffc25617000 	C:\WINDOWS\SYSTEM32\ncrypt.dll
0x00007ffc255b0000 - 0x00007ffc255eb000 	C:\WINDOWS\SYSTEM32\NTASN1.dll
0x00007ffc193a0000 - 0x00007ffc193aa000 	C:\Windows\System32\rasadhlp.dll
0x00007ffc16ff0000 - 0x00007ffc17072000 	C:\WINDOWS\System32\fwpuclnt.dll

dbghelp: loaded successfully - version: 4.0.5 - missing functions: none
symbol engine: initialized successfully - sym options: 0x614 - pdb path: .;C:\Program Files\Java\jdk-18.0.2.1\bin;C:\WINDOWS\SYSTEM32;C:\WINDOWS\WinSxS\amd64_microsoft.windows.common-controls_6595b64144ccf1df_6.0.19041.3570_none_60bb2a3971f3e41a;C:\Program Files\Java\jdk-18.0.2.1\bin\server;C:\Users\chocofacenine\.gradle\native\68d5fa5c4cc2d200863cafc0d521ce42e7d3e7ee720ec0a83991735586a16f82\windows-amd64;C:\Users\chocofacenine\.gradle\native\e376f236ea51e6404a007f0833ffe2c6e607c4080706a723a18a27aeea778392\windows-amd64

VM Arguments:
jvm_args: --add-exports=jdk.compiler/com.sun.tools.javac.api=ALL-UNNAMED --add-exports=jdk.compiler/com.sun.tools.javac.file=ALL-UNNAMED --add-exports=jdk.compiler/com.sun.tools.javac.parser=ALL-UNNAMED --add-exports=jdk.compiler/com.sun.tools.javac.tree=ALL-UNNAMED --add-exports=jdk.compiler/com.sun.tools.javac.util=ALL-UNNAMED --add-opens=java.base/java.util=ALL-UNNAMED --add-opens=java.base/java.lang=ALL-UNNAMED --add-opens=java.base/java.lang.invoke=ALL-UNNAMED --add-opens=java.prefs/java.util.prefs=ALL-UNNAMED --add-opens=java.base/java.nio.charset=ALL-UNNAMED --add-opens=java.base/java.net=ALL-UNNAMED --add-opens=java.base/java.util.concurrent.atomic=ALL-UNNAMED -Dfile.encoding=UTF-8 -Duser.country=US -Duser.language=en -Duser.variant -javaagent:C:\Users\chocofacenine\.gradle\wrapper\dists\gradle-8.2.1-bin\5hap6b9n41hkg4jeh2au2pllh\gradle-8.2.1\lib\agents\gradle-instrumentation-agent-8.2.1.jar 
java_command: org.gradle.launcher.daemon.bootstrap.GradleDaemon 8.2.1
java_class_path (initial): C:\Users\chocofacenine\.gradle\wrapper\dists\gradle-8.2.1-bin\5hap6b9n41hkg4jeh2au2pllh\gradle-8.2.1\lib\gradle-launcher-8.2.1.jar
Launcher Type: SUN_STANDARD

[Global flags]
     intx CICompilerCount                          = 4                                         {product} {ergonomic}
     uint ConcGCThreads                            = 3                                         {product} {ergonomic}
     uint G1ConcRefinementThreads                  = 10                                        {product} {ergonomic}
   size_t G1HeapRegionSize                         = 2097152                                   {product} {ergonomic}
    uintx GCDrainStackTargetSize                   = 64                                        {product} {ergonomic}
   size_t InitialHeapSize                          = 264241152                                 {product} {ergonomic}
   size_t MarkStackSize                            = 4194304                                   {product} {ergonomic}
   size_t MaxHeapSize                              = 4225761280                                {product} {ergonomic}
   size_t MaxNewSize                               = 2535456768                                {product} {ergonomic}
   size_t MinHeapDeltaBytes                        = 2097152                                   {product} {ergonomic}
   size_t MinHeapSize                              = 8388608                                   {product} {ergonomic}
    uintx NonNMethodCodeHeapSize                   = 5839372                                {pd product} {ergonomic}
    uintx NonProfiledCodeHeapSize                  = 122909434                              {pd product} {ergonomic}
    uintx ProfiledCodeHeapSize                     = 122909434                              {pd product} {ergonomic}
    uintx ReservedCodeCacheSize                    = 251658240                              {pd product} {ergonomic}
     bool SegmentedCodeCache                       = true                                      {product} {ergonomic}
   size_t SoftMaxHeapSize                          = 4225761280                             {manageable} {ergonomic}
     bool UseCompressedClassPointers               = true                           {product lp64_product} {ergonomic}
     bool UseCompressedOops                        = true                           {product lp64_product} {ergonomic}
     bool UseG1GC                                  = true                                      {product} {ergonomic}
     bool UseLargePagesIndividualAllocation        = false                                  {pd product} {ergonomic}

Logging:
Log output configuration:
 #0: stdout all=warning uptime,level,tags foldmultilines=false
 #1: stderr all=off uptime,level,tags foldmultilines=false

Environment Variables:
JAVA_HOME=C:\Program Files\Java\jdk-18.0.2.1
CLASSPATH=C:\Users\chocofacenine\Desktop\2023\CS-4321\db-practicum-repo\\gradle\wrapper\gradle-wrapper.jar
PATH=C:\gurobi1001\win64\bin;C:\Program Files (x86)\VMware\VMware Player\bin\;C:\Program Files\Java\jdk-18.0.2.1\bin;C:\Program Files\Eclipse Adoptium\jdk-17.0.4.101-hotspot\bin;C:\Program Files\ImageMagick-7.1.0-Q16-HDRI;C:\Program Files\Common Files\Oracle\Java\javapath;C:\Program Files\AdoptOpenJDK\jdk-11.0.9.11-openj9\bin;C:\WINDOWS\system32;C:\WINDOWS;C:\WINDOWS\System32\Wbem;C:\WINDOWS\System32\WindowsPowerShell\v1.0\;C:\WINDOWS\System32\OpenSSH\;C:\Program Files (x86)\NVIDIA Corporation\PhysX\Common;C:\Program Files\Git\cmd;C:\Program Files\Git LFS;C:\Users\chocofacenine\AppData\Roaming\nvm;C:\Program Files\nodejs;C:\msys64\mingw64\bin;C:\Program Files\NVIDIA Corporation\NVIDIA NvDLISR;C:\Program Files (x86)\Microsoft Visual Studio\2022\BuildTools\VC\Tools\MSVC\14.35.32215\bin\Hostx64\x64;C:\Users\chocofacenine\AppData\Local\Programs\Python\Python310\Scripts\;C:\Users\chocofacenine\AppData\Local\Programs\Python\Python310\;C:\Program Files (x86)\Windows Kits\10\Windows Performance Toolkit\;C:\Program Files\PostgreSQL\15\bin;C:\Users\chocofacenine\AppData\Local\Programs\Python\Python310\Scripts\;C:\Users\chocofacenine\AppData\Local\Programs\Python\Python310\;C:\Program Files (x86)\Microsoft Visual Studio\2022\BuildTools\VC\Tools\MSVC\14.35.32215\bin\Hostx64\x64;C:\Users\chocofacenine\AppData\Local\Microsoft\WindowsApps;C:\Users\chocofacenine\AppData\Local\atom\bin;C:\Users\chocofacenine\AppData\Local\Microsoft\WindowsApps;C:\Users\chocofacenine\AppData\Local\Programs\Microsoft VS Code\bin;C:\Users\chocofacenine\AppData\Roaming\nvm;C:\Program Files\nodejs;C:\Program Files\Graphviz\bin;C:\Program Files\Java\jdk-18.0.2.1\bin;
USERNAME=chocofacenine
LANG=en_US.UTF-8
OS=Windows_NT
PROCESSOR_IDENTIFIER=Intel64 Family 6 Model 158 Stepping 10, GenuineIntel



---------------  S Y S T E M  ---------------

OS:
 Windows 10 , 64 bit Build 19041 (10.0.19041.3570)
OS uptime: 20 days 20:04 hours
Hyper-V role detected

CPU: total 12 (initial active 12) (6 cores per cpu, 2 threads per core) family 6 model 158 stepping 10 microcode 0xf4, cx8, cmov, fxsr, ht, mmx, 3dnowpref, sse, sse2, sse3, ssse3, sse4.1, sse4.2, popcnt, lzcnt, tsc, tscinvbit, avx, avx2, aes, erms, clmul, bmi1, bmi2, adx, fma, vzeroupper, clflush, clflushopt, hv

Memory: 4k page, system-wide physical 16117M (5933M free)
TotalPageFile size 65269M (AvailPageFile size 3M)
current process WorkingSet (physical memory assigned to process): 539M, peak: 563M
current process commit charge ("private bytes"): 608M, peak: 986M

vm_info: Java HotSpot(TM) 64-Bit Server VM (18.0.2.1+1-1) for windows-amd64 JRE (18.0.2.1+1-1), built on Aug 16 2022 01:46:33 by "mach5one" with MS VC++ 16.8 / 16.9 (VS2019)

END.
