#
# There is insufficient memory for the Java Runtime Environment to continue.
# Native memory allocation (mmap) failed to map 264241152 bytes for G1 virtual space
# Possible reasons:
#   The system is out of physical RAM or swap space
#   The process is running with CompressedOops enabled, and the Java Heap may be blocking the growth of the native heap
# Possible solutions:
#   Reduce memory load on the system
#   Increase physical memory or swap space
#   Check if swap backing store is full
#   Decrease Java heap size (-Xmx/-Xms)
#   Decrease number of Java threads
#   Decrease Java thread stack sizes (-Xss)
#   Set larger code cache with -XX:ReservedCodeCacheSize=
#   JVM is running with Unscaled Compressed Oops mode in which the Java heap is
#     placed in the first 4GB address space. The Java Heap base address is the
#     maximum limit for the native heap growth. Please use -XX:HeapBaseMinAddress
#     to set the Java Heap base and to place the Java Heap above 4GB virtual address.
# This output file may be truncated or incomplete.
#
#  Out of Memory Error (os_windows.cpp:3530), pid=15276, tid=22736
#
# JRE version:  (18.0.2.1+1) (build )
# Java VM: Java HotSpot(TM) 64-Bit Server VM (18.0.2.1+1-1, mixed mode, sharing, tiered, compressed oops, compressed class ptrs, g1 gc, windows-amd64)
# No core dump will be written. Minidumps are not enabled by default on client versions of Windows
#

---------------  S U M M A R Y ------------

Command Line: -Dorg.gradle.internal.worker.tmpdir=C:\Users\chocofacenine\Desktop\2023\CS-4321\db-practicum-repo\build\tmp\test\work -Dorg.gradle.native=false -Xmx512m -Dfile.encoding=UTF-8 -Duser.country=US -Duser.language=en -Duser.variant -ea worker.org.gradle.process.internal.worker.GradleWorkerMain 'Gradle Test Executor 35'

Host: Intel(R) Core(TM) i7-9750H CPU @ 2.60GHz, 12 cores, 15G,  Windows 10 , 64 bit Build 19041 (10.0.19041.3570)
Time: Tue Nov 28 16:37:30 2023 Eastern Standard Time elapsed time: 0.009765 seconds (0d 0h 0m 0s)

---------------  T H R E A D  ---------------

Current thread (0x00000286ffb35150):  JavaThread "Unknown thread" [_thread_in_vm, id=22736, stack(0x000000f4a8200000,0x000000f4a8300000)]

Stack: [0x000000f4a8200000,0x000000f4a8300000]
Native frames: (J=compiled Java code, j=interpreted, Vv=VM code, C=native code)
V  [jvm.dll+0x6993aa]
V  [jvm.dll+0x7f46dd]
V  [jvm.dll+0x7f5fee]
V  [jvm.dll+0x7f66a3]
V  [jvm.dll+0x25cf1f]
V  [jvm.dll+0x6962f9]
V  [jvm.dll+0x68ae2a]
V  [jvm.dll+0x32255b]
V  [jvm.dll+0x329f36]
V  [jvm.dll+0x37eade]
V  [jvm.dll+0x37ed0f]
V  [jvm.dll+0x2fa2da]
V  [jvm.dll+0x2fb33d]
V  [jvm.dll+0x7c3310]
V  [jvm.dll+0x38be61]
V  [jvm.dll+0x7a2023]
V  [jvm.dll+0x40dc3f]
V  [jvm.dll+0x40f611]
C  [jli.dll+0x526b]
C  [ucrtbase.dll+0x21bb2]
C  [KERNEL32.DLL+0x17344]
C  [ntdll.dll+0x526b1]


---------------  P R O C E S S  ---------------

Threads class SMR info:
_java_thread_list=0x00007ffb5719e550, length=0, elements={
}

Java Threads: ( => current thread )

Other Threads:
  0x00000286ffb6a460 WorkerThread "GC Thread#0" [stack: 0x000000f4a8300000,0x000000f4a8400000] [id=28216]
  0x00000286ffb6f390 ConcurrentGCThread "G1 Main Marker" [stack: 0x000000f4a8400000,0x000000f4a8500000] [id=14016]
  0x00000286ffb6fd80 WorkerThread "G1 Conc#0" [stack: 0x000000f4a8500000,0x000000f4a8600000] [id=16500]

[error occurred during error reporting (printing all threads), id 0xc0000005, EXCEPTION_ACCESS_VIOLATION (0xc0000005) at pc=0x00007ffb569ca877]

VM state: not at safepoint (not fully initialized)

VM Mutex/Monitor currently owned by a thread:  ([mutex/lock_event])
[0x00000286ffb30a90] Heap_lock - owner thread: 0x00000286ffb35150

Heap address: 0x00000000e0000000, size: 512 MB, Compressed Oops mode: 32-bit

CDS archive(s) mapped at: [0x0000000000000000-0x0000000000000000-0x0000000000000000), size 0, SharedBaseAddress: 0x0000000800000000, ArchiveRelocationMode: 0.
Narrow klass base: 0x0000000000000000, Narrow klass shift: 0, Narrow klass range: 0x0

GC Precious Log:
 CardTable entry size: 512
 Card Set container configuration: InlinePtr #cards 5 size 8 Array Of Cards #cards 12 size 40 Howl #buckets 4 coarsen threshold 1843 Howl Bitmap #cards 512 size 80 coarsen threshold 460 Card regions per heap region 1 cards per card region 2048

Heap:
 garbage-first heap   total 0K, used 0K [0x00000000e0000000, 0x0000000100000000)
  region size 1024K, 0 young (0K), 0 survivors (0K)

[error occurred during error reporting (printing heap information), id 0xc0000005, EXCEPTION_ACCESS_VIOLATION (0xc0000005) at pc=0x00007ffb56db1839]

GC Heap History (0 events):
No events

Deoptimization events (0 events):
No events

Classes loaded (0 events):
No events

Classes unloaded (0 events):
No events

Classes redefined (0 events):
No events

Internal exceptions (0 events):
No events

VM Operations (0 events):
No events

Events (1 events):
Event: 0.006 Loaded shared library C:\Program Files\Java\jdk-18.0.2.1\bin\java.dll


Dynamic libraries:
0x00007ff629430000 - 0x00007ff629440000 	C:\Program Files\Java\jdk-18.0.2.1\bin\java.exe
0x00007ffc28530000 - 0x00007ffc28727000 	C:\WINDOWS\SYSTEM32\ntdll.dll
0x00007ffc283d0000 - 0x00007ffc2848d000 	C:\WINDOWS\System32\KERNEL32.DLL
0x00007ffc25fc0000 - 0x00007ffc262b6000 	C:\WINDOWS\System32\KERNELBASE.dll
0x00007ffc262c0000 - 0x00007ffc263c0000 	C:\WINDOWS\System32\ucrtbase.dll
0x00007ffc14db0000 - 0x00007ffc14dc8000 	C:\Program Files\Java\jdk-18.0.2.1\bin\jli.dll
0x00007ffc16590000 - 0x00007ffc165aa000 	C:\Program Files\Java\jdk-18.0.2.1\bin\VCRUNTIME140.dll
0x00007ffc26f90000 - 0x00007ffc2703e000 	C:\WINDOWS\System32\ADVAPI32.dll
0x00007ffc28190000 - 0x00007ffc2822e000 	C:\WINDOWS\System32\msvcrt.dll
0x00007ffc26680000 - 0x00007ffc2671c000 	C:\WINDOWS\System32\sechost.dll
0x00007ffc282a0000 - 0x00007ffc283c6000 	C:\WINDOWS\System32\RPCRT4.dll
0x00007ffc278a0000 - 0x00007ffc27a3e000 	C:\WINDOWS\System32\USER32.dll
0x00007ffc25ce0000 - 0x00007ffc25d02000 	C:\WINDOWS\System32\win32u.dll
0x00007ffc0d280000 - 0x00007ffc0d51a000 	C:\WINDOWS\WinSxS\amd64_microsoft.windows.common-controls_6595b64144ccf1df_6.0.19041.3570_none_60bb2a3971f3e41a\COMCTL32.dll
0x00007ffc28490000 - 0x00007ffc284bc000 	C:\WINDOWS\System32\GDI32.dll
0x00007ffc26470000 - 0x00007ffc2658a000 	C:\WINDOWS\System32\gdi32full.dll
0x00007ffc25c40000 - 0x00007ffc25cdd000 	C:\WINDOWS\System32\msvcp_win.dll
0x00007ffc16e00000 - 0x00007ffc16e0a000 	C:\WINDOWS\SYSTEM32\VERSION.dll
0x00007ffc284c0000 - 0x00007ffc284f0000 	C:\WINDOWS\System32\IMM32.DLL
0x00007ffc16600000 - 0x00007ffc1660c000 	C:\Program Files\Java\jdk-18.0.2.1\bin\vcruntime140_1.dll
0x00007ffbc1a60000 - 0x00007ffbc1aed000 	C:\Program Files\Java\jdk-18.0.2.1\bin\msvcp140.dll
0x00007ffb566c0000 - 0x00007ffb572d1000 	C:\Program Files\Java\jdk-18.0.2.1\bin\server\jvm.dll
0x00007ffc26c70000 - 0x00007ffc26c78000 	C:\WINDOWS\System32\PSAPI.DLL
0x00007ffc02e70000 - 0x00007ffc02e79000 	C:\WINDOWS\SYSTEM32\WSOCK32.dll
0x00007ffc0f2e0000 - 0x00007ffc0f307000 	C:\WINDOWS\SYSTEM32\WINMM.dll
0x00007ffc28230000 - 0x00007ffc2829b000 	C:\WINDOWS\System32\WS2_32.dll
0x00007ffc24400000 - 0x00007ffc24412000 	C:\WINDOWS\SYSTEM32\kernel.appcore.dll
0x00007ffc164e0000 - 0x00007ffc164ea000 	C:\Program Files\Java\jdk-18.0.2.1\bin\jimage.dll
0x00007ffc23a50000 - 0x00007ffc23c34000 	C:\WINDOWS\SYSTEM32\DBGHELP.DLL
0x00007ffc06550000 - 0x00007ffc06584000 	C:\WINDOWS\SYSTEM32\dbgcore.DLL
0x00007ffc25dd0000 - 0x00007ffc25e52000 	C:\WINDOWS\System32\bcryptPrimitives.dll
0x00007ffbe2800000 - 0x00007ffbe2825000 	C:\Program Files\Java\jdk-18.0.2.1\bin\java.dll

dbghelp: loaded successfully - version: 4.0.5 - missing functions: none
symbol engine: initialized successfully - sym options: 0x614 - pdb path: .;C:\Program Files\Java\jdk-18.0.2.1\bin;C:\WINDOWS\SYSTEM32;C:\WINDOWS\WinSxS\amd64_microsoft.windows.common-controls_6595b64144ccf1df_6.0.19041.3570_none_60bb2a3971f3e41a;C:\Program Files\Java\jdk-18.0.2.1\bin\server

VM Arguments:
jvm_args: -Dorg.gradle.internal.worker.tmpdir=C:\Users\chocofacenine\Desktop\2023\CS-4321\db-practicum-repo\build\tmp\test\work -Dorg.gradle.native=false -Xmx512m -Dfile.encoding=UTF-8 -Duser.country=US -Duser.language=en -Duser.variant -ea 
java_command: worker.org.gradle.process.internal.worker.GradleWorkerMain 'Gradle Test Executor 35'
java_class_path (initial): C:\\Users\\chocofacenine\\.gradle\\caches\\8.2.1\\workerMain\\gradle-worker.jar;C:\\Users\\chocofacenine\\Desktop\\2023\\CS-4321\\db-practicum-repo\\build\\classes\\java\\test;C:\\Users\\chocofacenine\\Desktop\\2023\\CS-4321\\db-practicum-repo\\build\\resources\\test;C:\\Users\\chocofacenine\\Desktop\\2023\\CS-4321\\db-practicum-repo\\build\\classes\\java\\main;C:\\Users\\chocofacenine\\Desktop\\2023\\CS-4321\\db-practicum-repo\\build\\resources\\main;C:\\Users\\chocofacenine\\.gradle\\caches\\modules-2\\files-2.1\\com.github.jsqlparser\\jsqlparser\\4.6\\a4d1bda17df913c8b3ff12d39e35e9efd3a4e01f\\jsqlparser-4.6.jar;C:\\Users\\chocofacenine\\.gradle\\caches\\modules-2\\files-2.1\\org.apache.logging.log4j\\log4j-core\\2.20.0\\eb2a9a47b1396e00b5eee1264296729a70565cc0\\log4j-core-2.20.0.jar;C:\\Users\\chocofacenine\\.gradle\\caches\\modules-2\\files-2.1\\org.apache.logging.log4j\\log4j-api\\2.20.0\\1fe6082e660daf07c689a89c94dc0f49c26b44bb\\log4j-api-2.20.0.jar;C:\\Users\\chocofacenine\\.gradle\\caches\\modules-2\\files-2.1\\org.junit.platform\\junit-platform-engine\\1.7.0\\eadb73c5074a4ac71061defd00fc176152a4d12c\\junit-platform-engine-1.7.0.jar;C:\\Users\\chocofacenine\\.gradle\\caches\\modules-2\\files-2.1\\org.junit.platform\\junit-platform-commons\\1.7.0\\84e309fbf21d857aac079a3c1fffd84284e1114d\\junit-platform-commons-1.7.0.jar;C:\\Users\\chocofacenine\\.gradle\\caches\\modules-2\\files-2.1\\org.junit.jupiter\\junit-jupiter-engine\\5.7.0\\d9044d6b45e2232ddd53fa56c15333e43d1749fd\\junit-jupiter-engine-5.7.0.jar;C:\\Users\\chocofacenine\\.gradle\\caches\\modules-2\\files-2.1\\org.junit.jupiter\\junit-jupiter-api\\5.7.0\\b25f3815c4c1860a73041e733a14a0379d00c4d5\\junit-jupiter-api-5.7.0.jar;C:\\Users\\chocofacenine\\.gradle\\caches\\modules-2\\files-2.1\\org.apiguardian\\apiguardian-api\\1.1.0\\fc9dff4bb36d627bdc553de77e1f17efd790876c\\apiguardian-api-1.1.0.jar;C:\\Users\\chocofacenine\\.gradle\\caches\\modules-2\\files-2.1\\org.opentest4j\\opentest4j\\1.2.0\\28c11eb91f9b6d8e200631d46e20a7f407f2a046\\opentest4j-1.2.0.jar;C:\\Users\\chocofacenine\\.gradle\\wrapper\\dists\\gradle-8.2.1-bin\\5hap6b9n41hkg4jeh2au2pllh\\gradle-8.2.1\\lib\\plugins\\junit-platform-engine-1.8.2.jar;C:\\Users\\chocofacenine\\.gradle\\wrapper\\dists\\gradle-8.2.1-bin\\5hap6b9n41hkg4jeh2au2pllh\\gradle-8.2.1\\lib\\plugins\\junit-platform-launcher-1.8.2.jar;C:\\Users\\chocofacenine\\.gradle\\wrapper\\dists\\gradle-8.2.1-bin\\5hap6b9n41hkg4jeh2au2pllh\\gradle-8.2.1\\lib\\plugins\\junit-platform-commons-1.8.2.jar
Launcher Type: SUN_STANDARD

[Global flags]
     intx CICompilerCount                          = 4                                         {product} {ergonomic}
     uint ConcGCThreads                            = 3                                         {product} {ergonomic}
     uint G1ConcRefinementThreads                  = 10                                        {product} {ergonomic}
   size_t G1HeapRegionSize                         = 1048576                                   {product} {ergonomic}
    uintx GCDrainStackTargetSize                   = 64                                        {product} {ergonomic}
   size_t InitialHeapSize                          = 264241152                                 {product} {ergonomic}
   size_t MarkStackSize                            = 4194304                                   {product} {ergonomic}
   size_t MaxHeapSize                              = 536870912                                 {product} {command line}
   size_t MinHeapDeltaBytes                        = 1048576                                   {product} {ergonomic}
   size_t MinHeapSize                              = 8388608                                   {product} {ergonomic}
    uintx NonNMethodCodeHeapSize                   = 5839372                                {pd product} {ergonomic}
    uintx NonProfiledCodeHeapSize                  = 122909434                              {pd product} {ergonomic}
    uintx ProfiledCodeHeapSize                     = 122909434                              {pd product} {ergonomic}
    uintx ReservedCodeCacheSize                    = 251658240                              {pd product} {ergonomic}
     bool SegmentedCodeCache                       = true                                      {product} {ergonomic}
   size_t SoftMaxHeapSize                          = 536870912                              {manageable} {ergonomic}
     bool UseCompressedClassPointers               = true                           {product lp64_product} {ergonomic}
     bool UseCompressedOops                        = true                           {product lp64_product} {ergonomic}
     bool UseG1GC                                  = true                                      {product} {ergonomic}
     bool UseLargePagesIndividualAllocation        = false                                  {pd product} {ergonomic}

Logging:
Log output configuration:
 #0: stdout all=warning uptime,level,tags foldmultilines=false
 #1: stderr all=off uptime,level,tags foldmultilines=false

Environment Variables:
JAVA_HOME=C:\Program Files\Java\jdk-18.0.2.1
CLASSPATH=C:\Users\chocofacenine\Desktop\2023\CS-4321\db-practicum-repo\\gradle\wrapper\gradle-wrapper.jar
PATH=C:\gurobi1001\win64\bin;C:\Program Files (x86)\VMware\VMware Player\bin\;C:\Program Files\Java\jdk-18.0.2.1\bin;C:\Program Files\Eclipse Adoptium\jdk-17.0.4.101-hotspot\bin;C:\Program Files\ImageMagick-7.1.0-Q16-HDRI;C:\Program Files\Common Files\Oracle\Java\javapath;C:\Program Files\AdoptOpenJDK\jdk-11.0.9.11-openj9\bin;C:\WINDOWS\system32;C:\WINDOWS;C:\WINDOWS\System32\Wbem;C:\WINDOWS\System32\WindowsPowerShell\v1.0\;C:\WINDOWS\System32\OpenSSH\;C:\Program Files (x86)\NVIDIA Corporation\PhysX\Common;C:\Program Files\Git\cmd;C:\Program Files\Git LFS;C:\Users\chocofacenine\AppData\Roaming\nvm;C:\Program Files\nodejs;C:\msys64\mingw64\bin;C:\Program Files\NVIDIA Corporation\NVIDIA NvDLISR;C:\Program Files (x86)\Microsoft Visual Studio\2022\BuildTools\VC\Tools\MSVC\14.35.32215\bin\Hostx64\x64;C:\Users\chocofacenine\AppData\Local\Programs\Python\Python310\Scripts\;C:\Users\chocofacenine\AppData\Local\Programs\Python\Python310\;C:\Program Files (x86)\Windows Kits\10\Windows Performance Toolkit\;C:\Program Files\PostgreSQL\15\bin;C:\Users\chocofacenine\AppData\Local\Programs\Python\Python310\Scripts\;C:\Users\chocofacenine\AppData\Local\Programs\Python\Python310\;C:\Program Files (x86)\Microsoft Visual Studio\2022\BuildTools\VC\Tools\MSVC\14.35.32215\bin\Hostx64\x64;C:\Users\chocofacenine\AppData\Local\Microsoft\WindowsApps;C:\Users\chocofacenine\AppData\Local\atom\bin;C:\Users\chocofacenine\AppData\Local\Microsoft\WindowsApps;C:\Users\chocofacenine\AppData\Local\Programs\Microsoft VS Code\bin;C:\Users\chocofacenine\AppData\Roaming\nvm;C:\Program Files\nodejs;C:\Program Files\Graphviz\bin;C:\Program Files\Java\jdk-18.0.2.1\bin;
USERNAME=chocofacenine
LANG=en_US.UTF-8
OS=Windows_NT
PROCESSOR_IDENTIFIER=Intel64 Family 6 Model 158 Stepping 10, GenuineIntel



---------------  S Y S T E M  ---------------

OS:
 Windows 10 , 64 bit Build 19041 (10.0.19041.3570)
OS uptime: 19 days 15:19 hours
Hyper-V role detected

CPU: total 12 (initial active 12) (6 cores per cpu, 2 threads per core) family 6 model 158 stepping 10 microcode 0xf4, cx8, cmov, fxsr, ht, mmx, 3dnowpref, sse, sse2, sse3, ssse3, sse4.1, sse4.2, popcnt, lzcnt, tsc, tscinvbit, avx, avx2, aes, erms, clmul, bmi1, bmi2, adx, fma, vzeroupper, clflush, clflushopt, hv

Memory: 4k page, system-wide physical 16117M (5272M free)
TotalPageFile size 65269M (AvailPageFile size 244M)
current process WorkingSet (physical memory assigned to process): 10M, peak: 10M
current process commit charge ("private bytes"): 63M, peak: 315M

vm_info: Java HotSpot(TM) 64-Bit Server VM (18.0.2.1+1-1) for windows-amd64 JRE (18.0.2.1+1-1), built on Aug 16 2022 01:46:33 by "mach5one" with MS VC++ 16.8 / 16.9 (VS2019)

END.
